#
# There is insufficient memory for the Java Runtime Environment to continue.
# Native memory allocation (mmap) failed to map 67108864 bytes for Failed to commit area from 0x00000000c1400000 to 0x00000000c5400000 of length 67108864.
# Possible reasons:
#   The system is out of physical RAM or swap space
#   The process is running with CompressedOops enabled, and the Java Heap may be blocking the growth of the native heap
# Possible solutions:
#   Reduce memory load on the system
#   Increase physical memory or swap space
#   Check if swap backing store is full
#   Decrease Java heap size (-Xmx/-Xms)
#   Decrease number of Java threads
#   Decrease Java thread stack sizes (-Xss)
#   Set larger code cache with -XX:ReservedCodeCacheSize=
# This output file may be truncated or incomplete.
#
#  Out of Memory Error (./open/src/hotspot/os/windows/os_windows.cpp:3273), pid=18256, tid=11268
#
# JRE version:  (11.0.10+8) (build )
# Java VM: Java HotSpot(TM) 64-Bit Server VM (11.0.10+8-LTS-162, mixed mode, sharing, tiered, compressed oops, g1 gc, windows-amd64)
# No core dump will be written. Minidumps are not enabled by default on client versions of Windows
#

---------------  S U M M A R Y ------------

Command Line: -Dfile.encoding=Cp1252 com.sekara.designpatterns.Main

Host: Intel(R) Core(TM) i3-7020U CPU @ 2.30GHz, 4 cores, 3G,  Windows 10 , 64 bit Build 19041 (10.0.19041.1151)
Time: Sat Aug 21 23:13:40 2021 Central Europe Daylight Time elapsed time: 0.051944 seconds (0d 0h 0m 0s)

---------------  T H R E A D  ---------------

Current thread (0x000001e887df5000):  JavaThread "Unknown thread" [_thread_in_vm, id=11268, stack(0x000000c7f3300000,0x000000c7f3400000)]

Stack: [0x000000c7f3300000,0x000000c7f3400000]
Native frames: (J=compiled Java code, j=interpreted, Vv=VM code, C=native code)
V  [jvm.dll+0x613e6a]
V  [jvm.dll+0x74c1ff]
V  [jvm.dll+0x74d885]
V  [jvm.dll+0x74df03]
V  [jvm.dll+0x243b78]
V  [jvm.dll+0x61125a]
V  [jvm.dll+0x606165]
V  [jvm.dll+0x2f85fc]
V  [jvm.dll+0x2f8482]
V  [jvm.dll+0x2fd136]
V  [jvm.dll+0x33f6bf]
V  [jvm.dll+0x33f0f0]
V  [jvm.dll+0x2d5d08]
V  [jvm.dll+0x2d6e66]
V  [jvm.dll+0x727d17]
V  [jvm.dll+0x7295bf]
V  [jvm.dll+0x34c4a9]
V  [jvm.dll+0x70d6b0]
V  [jvm.dll+0x3b584f]
V  [jvm.dll+0x3b7951]
C  [jli.dll+0x520b]
C  [ucrtbase.dll+0x21bb2]
C  [KERNEL32.DLL+0x17034]
C  [ntdll.dll+0x52651]


---------------  P R O C E S S  ---------------

Threads class SMR info:
_java_thread_list=0x000001e88640fcd0, length=0, elements={
}

Java Threads: ( => current thread )

Other Threads:
  0x000001e887e0b000 GCTaskThread "GC Thread#0" [stack: 0x000000c7f3400000,0x000000c7f3500000] [id=2556]
  0x000001e887e27800 ConcurrentGCThread "G1 Main Marker" [stack: 0x000000c7f3500000,0x000000c7f3600000] [id=17760]
  0x000001e887e29000 ConcurrentGCThread "G1 Conc#0" [stack: 0x000000c7f3600000,0x000000c7f3700000] [id=15156]

[error occurred during error reporting (printing all threads), id 0xc0000005, EXCEPTION_ACCESS_VIOLATION (0xc0000005) at pc=0x00007ff80d4a4f57]

VM state:not at safepoint (not fully initialized)

VM Mutex/Monitor currently owned by a thread:  ([mutex/lock_event])
[0x000001e887df45b0] Heap_lock - owner thread: 0x000001e887df5000

Heap address: 0x00000000c1400000, size: 1004 MB, Compressed Oops mode: Non-zero based: 0x00000000c1400000
Narrow klass base: 0x0000000000000000, Narrow klass shift: 0

GC Heap History (0 events):
No events

Deoptimization events (0 events):
No events

Classes redefined (0 events):
No events

Internal exceptions (0 events):
No events

Events (0 events):
No events


Dynamic libraries:
0x00007ff7aa1b0000 - 0x00007ff7aa1bf000 	C:\Program Files\AdoptOpenJDK\jdk-14.0.2.12-openj9\bin\javaw.exe
0x00007ff858730000 - 0x00007ff858925000 	C:\WINDOWS\SYSTEM32\ntdll.dll
0x00007ff857010000 - 0x00007ff8570cd000 	C:\WINDOWS\System32\KERNEL32.DLL
0x00007ff8561b0000 - 0x00007ff856479000 	C:\WINDOWS\System32\KERNELBASE.dll
0x00007ff856690000 - 0x00007ff856790000 	C:\WINDOWS\System32\ucrtbase.dll
0x00007ff84d090000 - 0x00007ff84d0a8000 	C:\Program Files\AdoptOpenJDK\jdk-14.0.2.12-openj9\bin\jli.dll
0x00007ff856c10000 - 0x00007ff856cbc000 	C:\WINDOWS\System32\ADVAPI32.dll
0x00007ff857ca0000 - 0x00007ff857d3e000 	C:\WINDOWS\System32\msvcrt.dll
0x00007ff858290000 - 0x00007ff85832b000 	C:\WINDOWS\System32\sechost.dll
0x00007ff856eb0000 - 0x00007ff856fda000 	C:\WINDOWS\System32\RPCRT4.dll
0x00007ff858520000 - 0x00007ff8586c0000 	C:\WINDOWS\System32\USER32.dll
0x00007ff855e60000 - 0x00007ff855e82000 	C:\WINDOWS\System32\win32u.dll
0x00007ff856fe0000 - 0x00007ff85700a000 	C:\WINDOWS\System32\GDI32.dll
0x00007ff856530000 - 0x00007ff85663b000 	C:\WINDOWS\System32\gdi32full.dll
0x00007ff855f50000 - 0x00007ff855fed000 	C:\WINDOWS\System32\msvcp_win.dll
0x00007ff84d530000 - 0x00007ff84d545000 	C:\Program Files\AdoptOpenJDK\jdk-14.0.2.12-openj9\bin\VCRUNTIME140.dll
0x00007ff82d070000 - 0x00007ff82d30a000 	C:\WINDOWS\WinSxS\amd64_microsoft.windows.common-controls_6595b64144ccf1df_6.0.19041.1110_none_60b5254171f9507e\COMCTL32.dll
0x00007ff84d160000 - 0x00007ff84d16a000 	C:\WINDOWS\SYSTEM32\VERSION.dll
0x00007ff8586c0000 - 0x00007ff8586f0000 	C:\WINDOWS\System32\IMM32.DLL
0x00007ff845990000 - 0x00007ff845a2b000 	C:\Program Files\AdoptOpenJDK\jdk-14.0.2.12-openj9\bin\msvcp140.dll
0x00007ff80d1c0000 - 0x00007ff80dcbb000 	C:\Program Files\AdoptOpenJDK\jdk-14.0.2.12-openj9\bin\server\jvm.dll
0x00007ff858340000 - 0x00007ff858348000 	C:\WINDOWS\System32\PSAPI.DLL
0x00007ff83f300000 - 0x00007ff83f309000 	C:\WINDOWS\SYSTEM32\WSOCK32.dll
0x00007ff857c30000 - 0x00007ff857c9b000 	C:\WINDOWS\System32\WS2_32.dll
0x00007ff83f930000 - 0x00007ff83f957000 	C:\WINDOWS\SYSTEM32\WINMM.dll
0x00007ff8546f0000 - 0x00007ff854702000 	C:\WINDOWS\SYSTEM32\kernel.appcore.dll
0x00007ff84f830000 - 0x00007ff84f840000 	C:\Program Files\AdoptOpenJDK\jdk-14.0.2.12-openj9\bin\verify.dll
0x00007ff853c70000 - 0x00007ff853e54000 	C:\WINDOWS\SYSTEM32\DBGHELP.DLL
0x00007ff8470c0000 - 0x00007ff8470ec000 	C:\WINDOWS\SYSTEM32\dbgcore.DLL
0x00007ff855e90000 - 0x00007ff855f13000 	C:\WINDOWS\System32\bcryptPrimitives.dll
0x00007ff84a740000 - 0x00007ff84a768000 	C:\Program Files\AdoptOpenJDK\jdk-14.0.2.12-openj9\bin\java.dll
0x00007ff84f680000 - 0x00007ff84f68a000 	C:\Program Files\AdoptOpenJDK\jdk-14.0.2.12-openj9\bin\jimage.dll
0x00007ff84d040000 - 0x00007ff84d056000 	C:\Program Files\AdoptOpenJDK\jdk-14.0.2.12-openj9\bin\zip.dll

dbghelp: loaded successfully - version: 4.0.5 - missing functions: none
symbol engine: initialized successfully - sym options: 0x614 - pdb path: .;C:\Program Files\AdoptOpenJDK\jdk-14.0.2.12-openj9\bin;C:\WINDOWS\SYSTEM32;C:\WINDOWS\WinSxS\amd64_microsoft.windows.common-controls_6595b64144ccf1df_6.0.19041.1110_none_60b5254171f9507e;C:\Program Files\AdoptOpenJDK\jdk-14.0.2.12-openj9\bin\server

VM Arguments:
jvm_args: -Dfile.encoding=Cp1252 
java_command: com.sekara.designpatterns.Main
java_class_path (initial): C:\Users\h\RISavg\I7-08-2020-Sandra-Djuricin\SandraDjuricin\DizajnerskiObrasci\bin;C:\Users\h\RISavg\I7-08-2020-Sandra-Djuricin\SandraDjuricin\DizajnerskiObrasci\resources\heksagon.jar;C:\Users\h\.p2\pool\plugins\org.junit.jupiter.api_5.7.1.v20210222-1948.jar;C:\Users\h\.p2\pool\plugins\org.junit.jupiter.engine_5.7.1.v20210222-1948.jar;C:\Users\h\.p2\pool\plugins\org.junit.jupiter.migrationsupport_5.7.1.v20210222-1948.jar;C:\Users\h\.p2\pool\plugins\org.junit.jupiter.params_5.7.1.v20210222-1948.jar;C:\Users\h\.p2\pool\plugins\org.junit.platform.commons_1.7.1.v20210222-1948.jar;C:\Users\h\.p2\pool\plugins\org.junit.platform.engine_1.7.1.v20210222-1948.jar;C:\Users\h\.p2\pool\plugins\org.junit.platform.launcher_1.7.1.v20210222-1948.jar;C:\Users\h\.p2\pool\plugins\org.junit.platform.runner_1.7.1.v20210222-1948.jar;C:\Users\h\.p2\pool\plugins\org.junit.platform.suite.api_1.7.1.v20210222-1948.jar;C:\Users\h\.p2\pool\plugins\org.junit.vintage.engine_5.7.1.v20210222-1948.jar;C:\Users\h\.p2\pool\plugins\org.opentest4j_1.2.0.v20190826-0900.jar;C:\Users\h\.p2\pool\plugins\org.apiguardian_1.1.0.v20190826-0900.jar;C:\Users\h\.p2\pool\plugins\org.junit_4.13.0.v20200204-1500.jar;C:\Users\h\.p2\pool\plugins\org.hamcrest.core_1.3.0.v20180420-1519.jar
Launcher Type: SUN_STANDARD

[Global flags]
     intx CICompilerCount                          = 3                                         {product} {ergonomic}
     uint ConcGCThreads                            = 1                                         {product} {ergonomic}
     uint G1ConcRefinementThreads                  = 4                                         {product} {ergonomic}
   size_t G1HeapRegionSize                         = 1048576                                   {product} {ergonomic}
    uintx GCDrainStackTargetSize                   = 64                                        {product} {ergonomic}
   size_t InitialHeapSize                          = 67108864                                  {product} {ergonomic}
   size_t MarkStackSize                            = 4194304                                   {product} {ergonomic}
   size_t MaxHeapSize                              = 1052770304                                {product} {ergonomic}
   size_t MinHeapDeltaBytes                        = 1048576                                   {product} {ergonomic}
    uintx NonNMethodCodeHeapSize                   = 5830732                                {pd product} {ergonomic}
    uintx NonProfiledCodeHeapSize                  = 122913754                              {pd product} {ergonomic}
    uintx ProfiledCodeHeapSize                     = 122913754                              {pd product} {ergonomic}
    uintx ReservedCodeCacheSize                    = 251658240                              {pd product} {ergonomic}
     bool SegmentedCodeCache                       = true                                      {product} {ergonomic}
     bool UseCompressedClassPointers               = true                                 {lp64_product} {ergonomic}
     bool UseCompressedOops                        = true                                 {lp64_product} {ergonomic}
     bool UseG1GC                                  = true                                      {product} {ergonomic}
     bool UseLargePagesIndividualAllocation        = false                                  {pd product} {ergonomic}

Logging:
Log output configuration:
 #0: stdout all=warning uptime,level,tags
 #1: stderr all=off uptime,level,tags

Environment Variables:
JAVA_HOME=C:\Program Files\Java\jdk-11.0.10
PATH=C:\Program Files\Common Files\Oracle\Java\javapath;C:\Program Files\AdoptOpenJDK\jdk-8.0.222.10-hotspot\bin;C:\Program Files (x86)\Common Files\Oracle\Java\javapath;C:\WINDOWS\system32;C:\WINDOWS;C:\WINDOWS\System32\Wbem;C:\WINDOWS\System32\WindowsPowerShell\v1.0\;C:\WINDOWS\System32\OpenSSH\;C:\Program Files\Microsoft SQL Server\Client SDK\ODBC\130\Tools\Binn\;C:\Program Files (x86)\Microsoft SQL Server\140\Tools\Binn\;C:\Program Files\Microsoft SQL Server\140\Tools\Binn\;C:\Program Files\Microsoft SQL Server\140\DTS\Binn\;C:\Program Files\Microsoft SQL Server\130\Tools\Binn\;C:\Program Files\Microsoft SQL Server\Client SDK\ODBC\170\Tools\Binn\;C:\Program Files (x86)\Microsoft SQL Server\150\DTS\Binn\;C:\Program Files\MATLAB\R2020a\bin;C:\Program Files\nodejs\;C:\Program Files\apache-maven-3.6.3\bin;C:\Users\pecam\anaconda3;C:\Users\pecam\anaconda3\bin;C:\Users\pecam\anaconda3\Scripts;C:\sonar-scanner-cli-4.6.1.2450-windows\sonar-scanner-4.6.1.2450-windows\bin;C:\Program Files\Git\cmd;C:\Program Files\MySQL\MySQL Shell 8.0\bin\;C:\Users\h\AppData\Local\Programs\Microsoft VS Code\bin;C:\Users\h\AppData\Local\atom\bin;C:\Users\h\AppData\Roaming\npm;C:\Users\h\AppData\Local\Programs\Fiddler;C:\Users\h\AppData\Local\Programs\MiKTeX\miktex\bin\x64\;C:\Program Files\apache-maven-3.6.3\bin;C:\Users\h\AppData\Local\Microsoft\WindowsApps;C:\Users\h\anaconda3\Scripts;C:\Users\h\anaconda3\bin;C:\Users\h\anaconda3;
USERNAME=h
OS=Windows_NT
PROCESSOR_IDENTIFIER=Intel64 Family 6 Model 142 Stepping 10, GenuineIntel



---------------  S Y S T E M  ---------------

OS: Windows 10 , 64 bit Build 19041 (10.0.19041.1151)

CPU:total 4 (initial active 4) (2 cores per cpu, 2 threads per core) family 6 model 142 stepping 10 microcode 0xe0, cmov, cx8, fxsr, mmx, sse, sse2, sse3, ssse3, sse4.1, sse4.2, popcnt, avx, avx2, aes, clmul, erms, 3dnowpref, lzcnt, ht, tsc, tscinvbit, bmi1, bmi2, adx, fma

Memory: 4k page, system-wide physical 4011M (288M free)
TotalPageFile size 10155M (AvailPageFile size 55M)
current process WorkingSet (physical memory assigned to process): 9M, peak: 9M
current process commit charge ("private bytes"): 51M, peak: 115M

vm_info: Java HotSpot(TM) 64-Bit Server VM (11.0.10+8-LTS-162) for windows-amd64 JRE (11.0.10+8-LTS-162), built on Dec  8 2020 16:32:57 by "mach5one" with MS VC++ 15.9 (VS2017)

END.
