#
# There is insufficient memory for the Java Runtime Environment to continue.
# Native memory allocation (malloc) failed to allocate 1048576 bytes for AllocateHeap
# Possible reasons:
#   The system is out of physical RAM or swap space
#   The process is running with CompressedOops enabled, and the Java Heap may be blocking the growth of the native heap
# Possible solutions:
#   Reduce memory load on the system
#   Increase physical memory or swap space
#   Check if swap backing store is full
#   Decrease Java heap size (-Xmx/-Xms)
#   Decrease number of Java threads
#   Decrease Java thread stack sizes (-Xss)
#   Set larger code cache with -XX:ReservedCodeCacheSize=
#   JVM is running with Unscaled Compressed Oops mode in which the Java heap is
#     placed in the first 4GB address space. The Java Heap base address is the
#     maximum limit for the native heap growth. Please use -XX:HeapBaseMinAddress
#     to set the Java Heap base and to place the Java Heap above 4GB virtual address.
# This output file may be truncated or incomplete.
#
#  Out of Memory Error (./open/src/hotspot/share/memory/allocation.cpp:46), pid=10900, tid=16084
#
# JRE version: Java(TM) SE Runtime Environment 18.9 (11.0.10+8) (build 11.0.10+8-LTS-162)
# Java VM: Java HotSpot(TM) 64-Bit Server VM 18.9 (11.0.10+8-LTS-162, mixed mode, tiered, compressed oops, g1 gc, windows-amd64)
# No core dump will be written. Minidumps are not enabled by default on client versions of Windows
#

---------------  S U M M A R Y ------------

Command Line: -ea -Dfile.encoding=Cp1252 org.eclipse.jdt.internal.junit.runner.RemoteTestRunner -version 3 -port 49965 -testLoaderClass org.eclipse.jdt.internal.junit5.runner.JUnit5TestLoader -loaderpluginname org.eclipse.jdt.junit5.runtime -test com.sekara.designpatterns.model.geometry.HexagonShapeTest:testGetHexagonShape

Host: Intel(R) Core(TM) i3-7020U CPU @ 2.30GHz, 4 cores, 3G,  Windows 10 , 64 bit Build 19041 (10.0.19041.1151)
Time: Wed Aug 25 13:33:14 2021 Central Europe Daylight Time elapsed time: 0.244111 seconds (0d 0h 0m 0s)

---------------  T H R E A D  ---------------

Current thread (0x0000027e4cfca000):  VMThread "VM Thread" [stack: 0x0000009793700000,0x0000009793800000] [id=16084]

Stack: [0x0000009793700000,0x0000009793800000]
[error occurred during error reporting (printing stack bounds), id 0xc0000005, EXCEPTION_ACCESS_VIOLATION (0xc0000005) at pc=0x0000027e38e00f2d]

Native frames: (J=compiled Java code, j=interpreted, Vv=VM code, C=native code)
V  [jvm.dll+0x613e6a]
V  [jvm.dll+0x74c1ff]
V  [jvm.dll+0x74d885]
V  [jvm.dll+0x74de65]
V  [jvm.dll+0x74de1b]
V  [jvm.dll+0x6136a3]
V  [jvm.dll+0x613a68]
C  [ntdll.dll+0xa217f]
C  [ntdll.dll+0x51454]
C  [ntdll.dll+0xa0cae]
C  0x0000027e38e00f2d

VM_Operation (0x00000097931fe160): CollectForMetadataAllocation, mode: safepoint, requested by thread 0x0000027e30968000


---------------  P R O C E S S  ---------------

Threads class SMR info:
_java_thread_list=0x0000027e4d00ecd0, length=8, elements={
0x0000027e30968000, 0x0000027e4cff1800, 0x0000027e4cffb000, 0x0000027e4d05d800,
0x0000027e4d060000, 0x0000027e4d061800, 0x0000027e4d008000, 0x0000027e4d014800
}

Java Threads: ( => current thread )
  0x0000027e30968000 JavaThread "main" [_thread_blocked, id=13172, stack(0x0000009793100000,0x0000009793200000)]
  0x0000027e4cff1800 JavaThread "Reference Handler" daemon [_thread_blocked, id=2380, stack(0x0000009793800000,0x0000009793900000)]
  0x0000027e4cffb000 JavaThread "Finalizer" daemon [_thread_blocked, id=2752, stack(0x0000009793900000,0x0000009793a00000)]
  0x0000027e4d05d800 JavaThread "Signal Dispatcher" daemon [_thread_blocked, id=14080, stack(0x0000009793b00000,0x0000009793c00000)]
  0x0000027e4d060000 JavaThread "Attach Listener" daemon [_thread_blocked, id=3100, stack(0x0000009793c00000,0x0000009793d00000)]
  0x0000027e4d061800 JavaThread "C2 CompilerThread0" daemon [_thread_blocked, id=8368, stack(0x0000009793d00000,0x0000009793e00000)]
  0x0000027e4d008000 JavaThread "C1 CompilerThread0" daemon [_thread_blocked, id=15908, stack(0x0000009793e00000,0x0000009793f00000)]
  0x0000027e4d014800 JavaThread "Sweeper thread" daemon [_thread_blocked, id=12360, stack(0x0000009793f00000,0x0000009794000000)]

Other Threads:
=>0x0000027e4cfca000 VMThread "VM Thread" [stack: 0x0000009793700000,0x0000009793800000] [id=16084]
  0x0000027e3097f000 GCTaskThread "GC Thread#0" [stack: 0x0000009793200000,0x0000009793300000] [id=12676]
  0x0000027e4d63e000 GCTaskThread "GC Thread#1" [stack: 0x0000009794000000,0x0000009794100000] [id=5388]
  0x0000027e30998800 ConcurrentGCThread "G1 Main Marker" [stack: 0x0000009793300000,0x0000009793400000] [id=2816]
  0x0000027e3099c800 ConcurrentGCThread "G1 Conc#0" [stack: 0x0000009793400000,0x0000009793500000] [id=18072]
  0x0000027e309f2000 ConcurrentGCThread "G1 Refine#0" [stack: 0x0000009793500000,0x0000009793600000] [id=13084]
  0x0000027e309f5800 ConcurrentGCThread "G1 Young RemSet Sampling" [stack: 0x0000009793600000,0x0000009793700000] [id=17916]

Threads with active compile tasks:

VM state:at safepoint (normal execution)

VM Mutex/Monitor currently owned by a thread:  ([mutex/lock_event])
[0x0000027e30963f80] Threads_lock - owner thread: 0x0000027e4cfca000
[0x0000027e30964490] Heap_lock - owner thread: 0x0000027e30968000

Heap address: 0x00000000c1400000, size: 1004 MB, Compressed Oops mode: 32-bit
Narrow klass base: 0x0000000000000000, Narrow klass shift: 3
Compressed class space size: 1073741824 Address: 0x0000000100000000

Heap:
 garbage-first heap   total 65536K, used 402K [0x00000000c1400000, 0x0000000100000000)
  region size 1024K, 1 young (1024K), 1 survivors (1024K)
 Metaspace       used 3009K, capacity 3144K, committed 3200K, reserved 1077248K
  class space    used 252K, capacity 384K, committed 384K, reserved 1048576K
Heap Regions: E=young(eden), S=young(survivor), O=old, HS=humongous(starts), HC=humongous(continues), CS=collection set, F=free, A=archive, TAMS=top-at-mark-start (previous, next)
|   0|0x00000000c1400000, 0x00000000c1400000, 0x00000000c1500000|  0%| F|  |TAMS 0x00000000c1400000, 0x00000000c1400000| Untracked 
|   1|0x00000000c1500000, 0x00000000c1500000, 0x00000000c1600000|  0%| F|  |TAMS 0x00000000c1500000, 0x00000000c1500000| Untracked 
|   2|0x00000000c1600000, 0x00000000c1600000, 0x00000000c1700000|  0%| F|  |TAMS 0x00000000c1600000, 0x00000000c1600000| Untracked 
|   3|0x00000000c1700000, 0x00000000c1700000, 0x00000000c1800000|  0%| F|  |TAMS 0x00000000c1700000, 0x00000000c1700000| Untracked 
|   4|0x00000000c1800000, 0x00000000c1800000, 0x00000000c1900000|  0%| F|  |TAMS 0x00000000c1800000, 0x00000000c1800000| Untracked 
|   5|0x00000000c1900000, 0x00000000c1900000, 0x00000000c1a00000|  0%| F|  |TAMS 0x00000000c1900000, 0x00000000c1900000| Untracked 
|   6|0x00000000c1a00000, 0x00000000c1a00000, 0x00000000c1b00000|  0%| F|  |TAMS 0x00000000c1a00000, 0x00000000c1a00000| Untracked 
|   7|0x00000000c1b00000, 0x00000000c1b00000, 0x00000000c1c00000|  0%| F|  |TAMS 0x00000000c1b00000, 0x00000000c1b00000| Untracked 
|   8|0x00000000c1c00000, 0x00000000c1c00000, 0x00000000c1d00000|  0%| F|  |TAMS 0x00000000c1c00000, 0x00000000c1c00000| Untracked 
|   9|0x00000000c1d00000, 0x00000000c1d00000, 0x00000000c1e00000|  0%| F|  |TAMS 0x00000000c1d00000, 0x00000000c1d00000| Untracked 
|  10|0x00000000c1e00000, 0x00000000c1e00000, 0x00000000c1f00000|  0%| F|  |TAMS 0x00000000c1e00000, 0x00000000c1e00000| Untracked 
|  11|0x00000000c1f00000, 0x00000000c1f00000, 0x00000000c2000000|  0%| F|  |TAMS 0x00000000c1f00000, 0x00000000c1f00000| Untracked 
|  12|0x00000000c2000000, 0x00000000c2000000, 0x00000000c2100000|  0%| F|  |TAMS 0x00000000c2000000, 0x00000000c2000000| Untracked 
|  13|0x00000000c2100000, 0x00000000c2100000, 0x00000000c2200000|  0%| F|  |TAMS 0x00000000c2100000, 0x00000000c2100000| Untracked 
|  14|0x00000000c2200000, 0x00000000c2200000, 0x00000000c2300000|  0%| F|  |TAMS 0x00000000c2200000, 0x00000000c2200000| Untracked 
|  15|0x00000000c2300000, 0x00000000c2300000, 0x00000000c2400000|  0%| F|  |TAMS 0x00000000c2300000, 0x00000000c2300000| Untracked 
|  16|0x00000000c2400000, 0x00000000c2400000, 0x00000000c2500000|  0%| F|  |TAMS 0x00000000c2400000, 0x00000000c2400000| Untracked 
|  17|0x00000000c2500000, 0x00000000c2500000, 0x00000000c2600000|  0%| F|  |TAMS 0x00000000c2500000, 0x00000000c2500000| Untracked 
|  18|0x00000000c2600000, 0x00000000c2600000, 0x00000000c2700000|  0%| F|  |TAMS 0x00000000c2600000, 0x00000000c2600000| Untracked 
|  19|0x00000000c2700000, 0x00000000c2700000, 0x00000000c2800000|  0%| F|  |TAMS 0x00000000c2700000, 0x00000000c2700000| Untracked 
|  20|0x00000000c2800000, 0x00000000c2800000, 0x00000000c2900000|  0%| F|  |TAMS 0x00000000c2800000, 0x00000000c2800000| Untracked 
|  21|0x00000000c2900000, 0x00000000c2900000, 0x00000000c2a00000|  0%| F|  |TAMS 0x00000000c2900000, 0x00000000c2900000| Untracked 
|  22|0x00000000c2a00000, 0x00000000c2a00000, 0x00000000c2b00000|  0%| F|  |TAMS 0x00000000c2a00000, 0x00000000c2a00000| Untracked 
|  23|0x00000000c2b00000, 0x00000000c2b00000, 0x00000000c2c00000|  0%| F|  |TAMS 0x00000000c2b00000, 0x00000000c2b00000| Untracked 
|  24|0x00000000c2c00000, 0x00000000c2c00000, 0x00000000c2d00000|  0%| F|  |TAMS 0x00000000c2c00000, 0x00000000c2c00000| Untracked 
|  25|0x00000000c2d00000, 0x00000000c2d00000, 0x00000000c2e00000|  0%| F|  |TAMS 0x00000000c2d00000, 0x00000000c2d00000| Untracked 
|  26|0x00000000c2e00000, 0x00000000c2e00000, 0x00000000c2f00000|  0%| F|  |TAMS 0x00000000c2e00000, 0x00000000c2e00000| Untracked 
|  27|0x00000000c2f00000, 0x00000000c2f00000, 0x00000000c3000000|  0%| F|  |TAMS 0x00000000c2f00000, 0x00000000c2f00000| Untracked 
|  28|0x00000000c3000000, 0x00000000c3000000, 0x00000000c3100000|  0%| F|  |TAMS 0x00000000c3000000, 0x00000000c3000000| Untracked 
|  29|0x00000000c3100000, 0x00000000c3100000, 0x00000000c3200000|  0%| F|  |TAMS 0x00000000c3100000, 0x00000000c3100000| Untracked 
|  30|0x00000000c3200000, 0x00000000c3200000, 0x00000000c3300000|  0%| F|  |TAMS 0x00000000c3200000, 0x00000000c3200000| Untracked 
|  31|0x00000000c3300000, 0x00000000c3300000, 0x00000000c3400000|  0%| F|  |TAMS 0x00000000c3300000, 0x00000000c3300000| Untracked 
|  32|0x00000000c3400000, 0x00000000c3400000, 0x00000000c3500000|  0%| F|  |TAMS 0x00000000c3400000, 0x00000000c3400000| Untracked 
|  33|0x00000000c3500000, 0x00000000c3500000, 0x00000000c3600000|  0%| F|  |TAMS 0x00000000c3500000, 0x00000000c3500000| Untracked 
|  34|0x00000000c3600000, 0x00000000c3600000, 0x00000000c3700000|  0%| F|  |TAMS 0x00000000c3600000, 0x00000000c3600000| Untracked 
|  35|0x00000000c3700000, 0x00000000c3700000, 0x00000000c3800000|  0%| F|  |TAMS 0x00000000c3700000, 0x00000000c3700000| Untracked 
|  36|0x00000000c3800000, 0x00000000c3800000, 0x00000000c3900000|  0%| F|  |TAMS 0x00000000c3800000, 0x00000000c3800000| Untracked 
|  37|0x00000000c3900000, 0x00000000c3900000, 0x00000000c3a00000|  0%| F|  |TAMS 0x00000000c3900000, 0x00000000c3900000| Untracked 
|  38|0x00000000c3a00000, 0x00000000c3a00000, 0x00000000c3b00000|  0%| F|  |TAMS 0x00000000c3a00000, 0x00000000c3a00000| Untracked 
|  39|0x00000000c3b00000, 0x00000000c3b00000, 0x00000000c3c00000|  0%| F|  |TAMS 0x00000000c3b00000, 0x00000000c3b00000| Untracked 
|  40|0x00000000c3c00000, 0x00000000c3c00000, 0x00000000c3d00000|  0%| F|  |TAMS 0x00000000c3c00000, 0x00000000c3c00000| Untracked 
|  41|0x00000000c3d00000, 0x00000000c3d00000, 0x00000000c3e00000|  0%| F|  |TAMS 0x00000000c3d00000, 0x00000000c3d00000| Untracked 
|  42|0x00000000c3e00000, 0x00000000c3e00000, 0x00000000c3f00000|  0%| F|  |TAMS 0x00000000c3e00000, 0x00000000c3e00000| Untracked 
|  43|0x00000000c3f00000, 0x00000000c3f00000, 0x00000000c4000000|  0%| F|  |TAMS 0x00000000c3f00000, 0x00000000c3f00000| Untracked 
|  44|0x00000000c4000000, 0x00000000c4000000, 0x00000000c4100000|  0%| F|  |TAMS 0x00000000c4000000, 0x00000000c4000000| Untracked 
|  45|0x00000000c4100000, 0x00000000c4100000, 0x00000000c4200000|  0%| F|  |TAMS 0x00000000c4100000, 0x00000000c4100000| Untracked 
|  46|0x00000000c4200000, 0x00000000c4200000, 0x00000000c4300000|  0%| F|  |TAMS 0x00000000c4200000, 0x00000000c4200000| Untracked 
|  47|0x00000000c4300000, 0x00000000c4300000, 0x00000000c4400000|  0%| F|  |TAMS 0x00000000c4300000, 0x00000000c4300000| Untracked 
|  48|0x00000000c4400000, 0x00000000c4400000, 0x00000000c4500000|  0%| F|  |TAMS 0x00000000c4400000, 0x00000000c4400000| Untracked 
|  49|0x00000000c4500000, 0x00000000c4500000, 0x00000000c4600000|  0%| F|  |TAMS 0x00000000c4500000, 0x00000000c4500000| Untracked 
|  50|0x00000000c4600000, 0x00000000c4600000, 0x00000000c4700000|  0%| F|  |TAMS 0x00000000c4600000, 0x00000000c4600000| Untracked 
|  51|0x00000000c4700000, 0x00000000c4700000, 0x00000000c4800000|  0%| F|  |TAMS 0x00000000c4700000, 0x00000000c4700000| Untracked 
|  52|0x00000000c4800000, 0x00000000c4800000, 0x00000000c4900000|  0%| F|  |TAMS 0x00000000c4800000, 0x00000000c4800000| Untracked 
|  53|0x00000000c4900000, 0x00000000c4900000, 0x00000000c4a00000|  0%| F|  |TAMS 0x00000000c4900000, 0x00000000c4900000| Untracked 
|  54|0x00000000c4a00000, 0x00000000c4a00000, 0x00000000c4b00000|  0%| F|  |TAMS 0x00000000c4a00000, 0x00000000c4a00000| Untracked 
|  55|0x00000000c4b00000, 0x00000000c4b00000, 0x00000000c4c00000|  0%| F|  |TAMS 0x00000000c4b00000, 0x00000000c4b00000| Untracked 
|  56|0x00000000c4c00000, 0x00000000c4c00000, 0x00000000c4d00000|  0%| F|  |TAMS 0x00000000c4c00000, 0x00000000c4c00000| Untracked 
|  57|0x00000000c4d00000, 0x00000000c4d00000, 0x00000000c4e00000|  0%| F|  |TAMS 0x00000000c4d00000, 0x00000000c4d00000| Untracked 
|  58|0x00000000c4e00000, 0x00000000c4e00000, 0x00000000c4f00000|  0%| F|  |TAMS 0x00000000c4e00000, 0x00000000c4e00000| Untracked 
|  59|0x00000000c4f00000, 0x00000000c4f00000, 0x00000000c5000000|  0%| F|  |TAMS 0x00000000c4f00000, 0x00000000c4f00000| Untracked 
|  60|0x00000000c5000000, 0x00000000c5000000, 0x00000000c5100000|  0%| F|  |TAMS 0x00000000c5000000, 0x00000000c5000000| Untracked 
|  61|0x00000000c5100000, 0x00000000c5164ad0, 0x00000000c5200000| 39%| S|CS|TAMS 0x00000000c5100000, 0x00000000c5100000| Complete 
|  62|0x00000000c5200000, 0x00000000c5200000, 0x00000000c5300000|  0%| F|  |TAMS 0x00000000c5200000, 0x00000000c5200000| Untracked 
|  63|0x00000000c5300000, 0x00000000c5300000, 0x00000000c5400000|  0%| F|  |TAMS 0x00000000c5300000, 0x00000000c5300000| Untracked 

Card table byte_map: [0x0000027e48000000,0x0000027e48200000] _byte_map_base: 0x0000027e479f6000

Marking Bits (Prev, Next): (CMBitMap*) 0x0000027e30993af0, (CMBitMap*) 0x0000027e30993ab8
 Prev Bits: [0x0000027e493b0000, 0x0000027e4a360000)
 Next Bits: [0x0000027e48400000, 0x0000027e493b0000)

Polling page: 0x0000027e2e990000

Metaspace:

Usage:
  Non-class:      2.70 MB capacity,     2.69 MB (>99%) used,   120 bytes ( <1%) free+waste,     2.81 KB ( <1%) overhead. 
      Class:    384.00 KB capacity,   252.80 KB ( 66%) used,   131.14 KB ( 34%) free+waste,    64 bytes ( <1%) overhead. 
       Both:      3.07 MB capacity,     2.94 MB ( 96%) used,   131.26 KB (  4%) free+waste,     2.88 KB ( <1%) overhead. 

Virtual space:
  Non-class space:       28.00 MB reserved,       2.75 MB ( 10%) committed 
      Class space:        1.00 GB reserved,     384.00 KB ( <1%) committed 
             Both:        1.03 GB reserved,       3.13 MB ( <1%) committed 

Chunk freelists:
   Non-Class:  7.00 KB
       Class:  0 bytes
        Both:  7.00 KB

CodeHeap 'non-profiled nmethods': size=120064Kb used=5Kb max_used=5Kb free=120058Kb
 bounds [0x0000027e408c0000, 0x0000027e40b30000, 0x0000027e47e00000]
CodeHeap 'profiled nmethods': size=120000Kb used=41Kb max_used=41Kb free=119958Kb
 bounds [0x0000027e39390000, 0x0000027e39600000, 0x0000027e408c0000]
CodeHeap 'non-nmethods': size=5696Kb used=982Kb max_used=994Kb free=4713Kb
 bounds [0x0000027e38e00000, 0x0000027e39070000, 0x0000027e39390000]
 total_blobs=271 nmethods=37 adapters=146
 compilation: enabled
              stopped_count=0, restarted_count=0
 full_count=0

Compilation events (10 events):
Event: 0.233 Thread 0x0000027e4d008000   33       3       java.util.ImmutableCollections$SetN$SetNIterator::hasNext (13 bytes)
Event: 0.233 Thread 0x0000027e4d008000 nmethod 33 0x0000027e39399490 code [0x0000027e39399620, 0x0000027e39399778]
Event: 0.233 Thread 0x0000027e4d008000   34       3       java.util.ImmutableCollections$SetN$SetNIterator::nextIndex (56 bytes)
Event: 0.233 Thread 0x0000027e4d008000 nmethod 34 0x0000027e39399810 code [0x0000027e393999c0, 0x0000027e39399b38]
Event: 0.234 Thread 0x0000027e4d008000   35       3       java.util.concurrent.ConcurrentHashMap::spread (10 bytes)
Event: 0.234 Thread 0x0000027e4d008000 nmethod 35 0x0000027e39399c10 code [0x0000027e39399da0, 0x0000027e39399e98]
Event: 0.234 Thread 0x0000027e4d061800   36       4       java.lang.Object::<init> (1 bytes)
Event: 0.234 Thread 0x0000027e4d061800 nmethod 36 0x0000027e408c1410 code [0x0000027e408c15a0, 0x0000027e408c15f8]
Event: 0.235 Thread 0x0000027e4d008000   37       3       java.util.ImmutableCollections$SetN$SetNIterator::next (47 bytes)
Event: 0.235 Thread 0x0000027e4d008000 nmethod 37 0x0000027e39399f10 code [0x0000027e3939a0e0, 0x0000027e3939a478]

GC Heap History (4 events):
Event: 0.195 GC heap before
{Heap before GC invocations=0 (full 0):
 garbage-first heap   total 65536K, used 0K [0x00000000c1400000, 0x0000000100000000)
  region size 1024K, 1 young (1024K), 0 survivors (0K)
 Metaspace       used 2724K, capacity 2888K, committed 2944K, reserved 1067008K
  class space    used 222K, capacity 384K, committed 384K, reserved 1048576K
}
Event: 0.196 GC heap after
{Heap after GC invocations=1 (full 0):
 garbage-first heap   total 65536K, used 340K [0x00000000c1400000, 0x0000000100000000)
  region size 1024K, 1 young (1024K), 1 survivors (1024K)
 Metaspace       used 2724K, capacity 2888K, committed 2944K, reserved 1067008K
  class space    used 222K, capacity 384K, committed 384K, reserved 1048576K
}
Event: 0.236 GC heap before
{Heap before GC invocations=2 (full 0):
 garbage-first heap   total 65536K, used 340K [0x00000000c1400000, 0x0000000100000000)
  region size 1024K, 2 young (2048K), 1 survivors (1024K)
 Metaspace       used 3009K, capacity 3144K, committed 3200K, reserved 1075200K
  class space    used 252K, capacity 384K, committed 384K, reserved 1048576K
}
Event: 0.237 GC heap after
{Heap after GC invocations=3 (full 0):
 garbage-first heap   total 65536K, used 402K [0x00000000c1400000, 0x0000000100000000)
  region size 1024K, 1 young (1024K), 1 survivors (1024K)
 Metaspace       used 3009K, capacity 3144K, committed 3200K, reserved 1075200K
  class space    used 252K, capacity 384K, committed 384K, reserved 1048576K
}

Deoptimization events (0 events):
No events

Classes redefined (0 events):
No events

Internal exceptions (0 events):
No events

Events (10 events):
Event: 0.228 loading class jdk/internal/loader/BuiltinClassLoader$LoadedModule
Event: 0.229 loading class jdk/internal/loader/BuiltinClassLoader$LoadedModule done
Event: 0.229 loading class sun/net/www/protocol/jrt/Handler
Event: 0.229 loading class sun/net/www/protocol/jrt/Handler done
Event: 0.229 loading class java/util/ImmutableCollections$SetN$SetNIterator
Event: 0.229 loading class java/util/ImmutableCollections$SetN$SetNIterator done
Event: 0.235 loading class java/lang/module/Configuration
Event: 0.236 loading class java/lang/module/Configuration done
Event: 0.236 loading class java/lang/module/ResolvedModule
Event: 0.236 Executing VM operation: CollectForMetadataAllocation


Dynamic libraries:
0x00007ff758080000 - 0x00007ff75808f000 	C:\Program Files\AdoptOpenJDK\jdk-14.0.2.12-openj9\bin\javaw.exe
0x00007fff2b270000 - 0x00007fff2b465000 	C:\WINDOWS\SYSTEM32\ntdll.dll
0x00007fff2a450000 - 0x00007fff2a50d000 	C:\WINDOWS\System32\KERNEL32.DLL
0x00007fff28b80000 - 0x00007fff28e49000 	C:\WINDOWS\System32\KERNELBASE.dll
0x00007fff28a50000 - 0x00007fff28b50000 	C:\WINDOWS\System32\ucrtbase.dll
0x00007fff14780000 - 0x00007fff14798000 	C:\Program Files\AdoptOpenJDK\jdk-14.0.2.12-openj9\bin\jli.dll
0x00007fff2b180000 - 0x00007fff2b22c000 	C:\WINDOWS\System32\ADVAPI32.dll
0x00007fff2a0c0000 - 0x00007fff2a15e000 	C:\WINDOWS\System32\msvcrt.dll
0x00007fff2a020000 - 0x00007fff2a0bb000 	C:\WINDOWS\System32\sechost.dll
0x00007fff29690000 - 0x00007fff297ba000 	C:\WINDOWS\System32\RPCRT4.dll
0x00007fff29420000 - 0x00007fff295c0000 	C:\WINDOWS\System32\USER32.dll
0x00007fff290e0000 - 0x00007fff29102000 	C:\WINDOWS\System32\win32u.dll
0x00007fff293f0000 - 0x00007fff2941a000 	C:\WINDOWS\System32\GDI32.dll
0x00007fff29160000 - 0x00007fff2926b000 	C:\WINDOWS\System32\gdi32full.dll
0x00007fff28e50000 - 0x00007fff28eed000 	C:\WINDOWS\System32\msvcp_win.dll
0x00007fff25f60000 - 0x00007fff25f75000 	C:\Program Files\AdoptOpenJDK\jdk-14.0.2.12-openj9\bin\VCRUNTIME140.dll
0x00007fff27d80000 - 0x00007fff2801a000 	C:\WINDOWS\WinSxS\amd64_microsoft.windows.common-controls_6595b64144ccf1df_6.0.19041.1110_none_60b5254171f9507e\COMCTL32.dll
0x00007fff21530000 - 0x00007fff2153a000 	C:\WINDOWS\SYSTEM32\VERSION.dll
0x00007fff2ad80000 - 0x00007fff2adb0000 	C:\WINDOWS\System32\IMM32.DLL
0x00007ffef9900000 - 0x00007ffef999b000 	C:\Program Files\AdoptOpenJDK\jdk-14.0.2.12-openj9\bin\msvcp140.dll
0x00007ffec42c0000 - 0x00007ffec4dbb000 	C:\Program Files\AdoptOpenJDK\jdk-14.0.2.12-openj9\bin\server\jvm.dll
0x00007fff2ad60000 - 0x00007fff2ad68000 	C:\WINDOWS\System32\PSAPI.DLL
0x00007fff0fd30000 - 0x00007fff0fd39000 	C:\WINDOWS\SYSTEM32\WSOCK32.dll
0x00007fff2a1c0000 - 0x00007fff2a22b000 	C:\WINDOWS\System32\WS2_32.dll
0x00007fff12f60000 - 0x00007fff12f87000 	C:\WINDOWS\SYSTEM32\WINMM.dll
0x00007fff26be0000 - 0x00007fff26bf2000 	C:\WINDOWS\SYSTEM32\kernel.appcore.dll
0x00007fff26300000 - 0x00007fff26310000 	C:\Program Files\AdoptOpenJDK\jdk-14.0.2.12-openj9\bin\verify.dll
0x00007fff283c0000 - 0x00007fff285a4000 	C:\WINDOWS\SYSTEM32\DBGHELP.DLL
0x00007fff28170000 - 0x00007fff2819c000 	C:\WINDOWS\SYSTEM32\dbgcore.DLL
0x00007fff29050000 - 0x00007fff290d3000 	C:\WINDOWS\System32\bcryptPrimitives.dll
0x00007ffef9bc0000 - 0x00007ffef9be8000 	C:\Program Files\AdoptOpenJDK\jdk-14.0.2.12-openj9\bin\java.dll
0x00007fff25dc0000 - 0x00007fff25dca000 	C:\Program Files\AdoptOpenJDK\jdk-14.0.2.12-openj9\bin\jimage.dll
0x00007fff12870000 - 0x00007fff12886000 	C:\Program Files\AdoptOpenJDK\jdk-14.0.2.12-openj9\bin\zip.dll
0x00007fff2a620000 - 0x00007fff2ad5f000 	C:\WINDOWS\System32\SHELL32.dll
0x00007fff26440000 - 0x00007fff26bd0000 	C:\WINDOWS\SYSTEM32\windows.storage.dll
0x00007fff297c0000 - 0x00007fff29b15000 	C:\WINDOWS\System32\combase.dll
0x00007fff27d10000 - 0x00007fff27d3c000 	C:\WINDOWS\SYSTEM32\Wldp.dll
0x00007fff2adb0000 - 0x00007fff2ae5e000 	C:\WINDOWS\System32\SHCORE.dll
0x00007fff2a5c0000 - 0x00007fff2a615000 	C:\WINDOWS\System32\shlwapi.dll
0x00007fff288e0000 - 0x00007fff288ff000 	C:\WINDOWS\SYSTEM32\profapi.dll

dbghelp: loaded successfully - version: 4.0.5 - missing functions: none
symbol engine: initialized successfully - sym options: 0x614 - pdb path: .;C:\Program Files\AdoptOpenJDK\jdk-14.0.2.12-openj9\bin;C:\WINDOWS\SYSTEM32;C:\WINDOWS\WinSxS\amd64_microsoft.windows.common-controls_6595b64144ccf1df_6.0.19041.1110_none_60b5254171f9507e;C:\Program Files\AdoptOpenJDK\jdk-14.0.2.12-openj9\bin\server

VM Arguments:
jvm_args: -ea -Dfile.encoding=Cp1252 
java_command: org.eclipse.jdt.internal.junit.runner.RemoteTestRunner -version 3 -port 49965 -testLoaderClass org.eclipse.jdt.internal.junit5.runner.JUnit5TestLoader -loaderpluginname org.eclipse.jdt.junit5.runtime -test com.sekara.designpatterns.model.geometry.HexagonShapeTest:testGetHexagonShape
java_class_path (initial): C:\Users\h\RISavg\I7-08-2020-Sandra-Djuricin\SandraDjuricin\DizajnerskiObrasci\bin;C:\Users\h\RISavg\I7-08-2020-Sandra-Djuricin\SandraDjuricin\DizajnerskiObrasci\resources\heksagon.jar;C:\Users\h\.p2\pool\plugins\org.junit.jupiter.api_5.7.1.v20210222-1948.jar;C:\Users\h\.p2\pool\plugins\org.junit.jupiter.engine_5.7.1.v20210222-1948.jar;C:\Users\h\.p2\pool\plugins\org.junit.jupiter.migrationsupport_5.7.1.v20210222-1948.jar;C:\Users\h\.p2\pool\plugins\org.junit.jupiter.params_5.7.1.v20210222-1948.jar;C:\Users\h\.p2\pool\plugins\org.junit.platform.commons_1.7.1.v20210222-1948.jar;C:\Users\h\.p2\pool\plugins\org.junit.platform.engine_1.7.1.v20210222-1948.jar;C:\Users\h\.p2\pool\plugins\org.junit.platform.launcher_1.7.1.v20210222-1948.jar;C:\Users\h\.p2\pool\plugins\org.junit.platform.runner_1.7.1.v20210222-1948.jar;C:\Users\h\.p2\pool\plugins\org.junit.platform.suite.api_1.7.1.v20210222-1948.jar;C:\Users\h\.p2\pool\plugins\org.junit.vintage.engine_5.7.1.v20210222-1948.jar;C:\Users\h\.p2\pool\plugins\org.opentest4j_1.2.0.v20190826-0900.jar;C:\Users\h\.p2\pool\plugins\org.apiguardian_1.1.0.v20190826-0900.jar;C:\Users\h\.p2\pool\plugins\org.junit_4.13.0.v20200204-1500.jar;C:\Users\h\.p2\pool\plugins\org.hamcrest.core_1.3.0.v20180420-1519.jar;C:\Users\h\eclipse\java-2020-12\eclipse\configuration\org.eclipse.osgi\587\0\.cp;C:\Users\h\eclipse\java-2020-12\eclipse\configuration\org.eclipse.osgi\585\0\.cp
Launcher Type: SUN_STANDARD

[Global flags]
     intx CICompilerCount                          = 3                                         {product} {ergonomic}
     uint ConcGCThreads                            = 1                                         {product} {ergonomic}
     uint G1ConcRefinementThreads                  = 4                                         {product} {ergonomic}
   size_t G1HeapRegionSize                         = 1048576                                   {product} {ergonomic}
    uintx GCDrainStackTargetSize                   = 64                                        {product} {ergonomic}
   size_t InitialHeapSize                          = 67108864                                  {product} {ergonomic}
   size_t MarkStackSize                            = 4194304                                   {product} {ergonomic}
   size_t MaxHeapSize                              = 1052770304                                {product} {ergonomic}
   size_t MaxNewSize                               = 631242752                                 {product} {ergonomic}
   size_t MinHeapDeltaBytes                        = 1048576                                   {product} {ergonomic}
    uintx NonNMethodCodeHeapSize                   = 5830732                                {pd product} {ergonomic}
    uintx NonProfiledCodeHeapSize                  = 122913754                              {pd product} {ergonomic}
    uintx ProfiledCodeHeapSize                     = 122913754                              {pd product} {ergonomic}
    uintx ReservedCodeCacheSize                    = 251658240                              {pd product} {ergonomic}
     bool SegmentedCodeCache                       = true                                      {product} {ergonomic}
     bool UseCompressedClassPointers               = true                                 {lp64_product} {ergonomic}
     bool UseCompressedOops                        = true                                 {lp64_product} {ergonomic}
     bool UseG1GC                                  = true                                      {product} {ergonomic}
     bool UseLargePagesIndividualAllocation        = false                                  {pd product} {ergonomic}

Logging:
Log output configuration:
 #0: stdout all=warning uptime,level,tags
 #1: stderr all=off uptime,level,tags

Environment Variables:
JAVA_HOME=C:\Program Files\Java\jdk-11.0.10
PATH=C:\Program Files\Common Files\Oracle\Java\javapath;C:\Program Files\AdoptOpenJDK\jdk-8.0.222.10-hotspot\bin;C:\Program Files (x86)\Common Files\Oracle\Java\javapath;C:\WINDOWS\system32;C:\WINDOWS;C:\WINDOWS\System32\Wbem;C:\WINDOWS\System32\WindowsPowerShell\v1.0\;C:\WINDOWS\System32\OpenSSH\;C:\Program Files\Microsoft SQL Server\Client SDK\ODBC\130\Tools\Binn\;C:\Program Files (x86)\Microsoft SQL Server\140\Tools\Binn\;C:\Program Files\Microsoft SQL Server\140\Tools\Binn\;C:\Program Files\Microsoft SQL Server\140\DTS\Binn\;C:\Program Files\Microsoft SQL Server\130\Tools\Binn\;C:\Program Files\Microsoft SQL Server\Client SDK\ODBC\170\Tools\Binn\;C:\Program Files (x86)\Microsoft SQL Server\150\DTS\Binn\;C:\Program Files\MATLAB\R2020a\bin;C:\Program Files\apache-maven-3.6.3\bin;C:\Users\pecam\anaconda3;C:\Users\pecam\anaconda3\bin;C:\Users\pecam\anaconda3\Scripts;C:\sonar-scanner-cli-4.6.1.2450-windows\sonar-scanner-4.6.1.2450-windows\bin;C:\Program Files\Git\cmd;C:\Users\h\Desktop\sonar-scanner-4.6.2.2472-windows\bin;C:\Program Files\nodejs\;C:\Program Files\MySQL\MySQL Shell 8.0\bin\;C:\Users\h\AppData\Local\Programs\Microsoft VS Code\bin;C:\Users\h\AppData\Local\atom\bin;C:\Users\h\AppData\Local\Programs\Fiddler;C:\Users\h\AppData\Local\Programs\MiKTeX\miktex\bin\x64\;C:\Program Files\apache-maven-3.6.3\bin;C:\Users\h\AppData\Local\Microsoft\WindowsApps;C:\Users\h\anaconda3\Scripts;C:\Users\h\anaconda3\bin;C:\Users\h\anaconda3;C:\Users\h\Desktop\sonar-scanner-4.6.2.2472-windows\bin;C:\Users\h\AppData\Roaming\npm;
USERNAME=h
OS=Windows_NT
PROCESSOR_IDENTIFIER=Intel64 Family 6 Model 142 Stepping 10, GenuineIntel



---------------  S Y S T E M  ---------------

OS: Windows 10 , 64 bit Build 19041 (10.0.19041.1151)

CPU:total 4 (initial active 4) (2 cores per cpu, 2 threads per core) family 6 model 142 stepping 10 microcode 0xe0, cmov, cx8, fxsr, mmx, sse, sse2, sse3, ssse3, sse4.1, sse4.2, popcnt, avx, avx2, aes, clmul, erms, 3dnowpref, lzcnt, ht, tsc, tscinvbit, bmi1, bmi2, adx, fma

Memory: 4k page, system-wide physical 4011M (290M free)
TotalPageFile size 10155M (AvailPageFile size 0M)
current process WorkingSet (physical memory assigned to process): 25M, peak: 25M
current process commit charge ("private bytes"): 125M, peak: 126M

vm_info: Java HotSpot(TM) 64-Bit Server VM (11.0.10+8-LTS-162) for windows-amd64 JRE (11.0.10+8-LTS-162), built on Dec  8 2020 16:32:57 by "mach5one" with MS VC++ 15.9 (VS2017)

END.
