#
# There is insufficient memory for the Java Runtime Environment to continue.
# Native memory allocation (malloc) failed to allocate 790416 bytes for Chunk::new
# Possible reasons:
#   The system is out of physical RAM or swap space
#   The process is running with CompressedOops enabled, and the Java Heap may be blocking the growth of the native heap
# Possible solutions:
#   Reduce memory load on the system
#   Increase physical memory or swap space
#   Check if swap backing store is full
#   Decrease Java heap size (-Xmx/-Xms)
#   Decrease number of Java threads
#   Decrease Java thread stack sizes (-Xss)
#   Set larger code cache with -XX:ReservedCodeCacheSize=
#   JVM is running with Unscaled Compressed Oops mode in which the Java heap is
#     placed in the first 4GB address space. The Java Heap base address is the
#     maximum limit for the native heap growth. Please use -XX:HeapBaseMinAddress
#     to set the Java Heap base and to place the Java Heap above 4GB virtual address.
# This output file may be truncated or incomplete.
#
#  Out of Memory Error (./open/src/hotspot/share/memory/arena.cpp:197), pid=8400, tid=17696
#
# JRE version: Java(TM) SE Runtime Environment 18.9 (11.0.10+8) (build 11.0.10+8-LTS-162)
# Java VM: Java HotSpot(TM) 64-Bit Server VM 18.9 (11.0.10+8-LTS-162, mixed mode, tiered, compressed oops, g1 gc, windows-amd64)
# No core dump will be written. Minidumps are not enabled by default on client versions of Windows
#

---------------  S U M M A R Y ------------

Command Line: -javaagent:C:\Users\h\eclipse\java-2020-12\eclipse\configuration\org.eclipse.osgi\409\0\.cp\jacocoagent.jar=includes=*,excludes=,exclclassloader=sun.reflect.DelegatingClassLoader,output=tcpclient,port=57854 -ea -Dfile.encoding=Cp1252 org.eclipse.jdt.internal.junit.runner.RemoteTestRunner -version 3 -port 57855 -testLoaderClass org.eclipse.jdt.internal.junit5.runner.JUnit5TestLoader -loaderpluginname org.eclipse.jdt.junit5.runtime -packageNameFile C:\Users\h\AppData\Local\Temp\packageNames8465211188860048362.txt

Host: Intel(R) Core(TM) i3-7020U CPU @ 2.30GHz, 4 cores, 3G,  Windows 10 , 64 bit Build 19041 (10.0.19041.1151)
Time: Mon Aug 23 18:56:58 2021 Central Europe Daylight Time elapsed time: 2.125574 seconds (0d 0h 0m 2s)

---------------  T H R E A D  ---------------

Current thread (0x000001a23af43000):  JavaThread "C2 CompilerThread0" daemon [_thread_in_native, id=17696, stack(0x000000930be00000,0x000000930bf00000)]


Current CompileTask:
C2:   2125 1007   !   4       java.util.jar.Attributes::read (390 bytes)

Stack: [0x000000930be00000,0x000000930bf00000]
Native frames: (J=compiled Java code, j=interpreted, Vv=VM code, C=native code)
V  [jvm.dll+0x613e6a]
V  [jvm.dll+0x74c1ff]
V  [jvm.dll+0x74d885]
V  [jvm.dll+0x74df03]
V  [jvm.dll+0x243b78]
V  [jvm.dll+0xba2cc]
V  [jvm.dll+0xba9cc]
V  [jvm.dll+0x346982]
V  [jvm.dll+0x3147d3]
V  [jvm.dll+0x313b1a]
V  [jvm.dll+0x1fd395]
V  [jvm.dll+0x1fc54f]
V  [jvm.dll+0x17f09c]
V  [jvm.dll+0x20bbd4]
V  [jvm.dll+0x209cab]
V  [jvm.dll+0x713619]
V  [jvm.dll+0x70c314]
V  [jvm.dll+0x613036]
C  [ucrtbase.dll+0x21bb2]
C  [KERNEL32.DLL+0x17034]
C  [ntdll.dll+0x52651]


---------------  P R O C E S S  ---------------

Threads class SMR info:
_java_thread_list=0x000001a23b522200, length=11, elements={
0x000001a21e848800, 0x000001a23aeb0800, 0x000001a23aedc800, 0x000001a23af40800,
0x000001a23af41800, 0x000001a23af43000, 0x000001a23af46000, 0x000001a23b098800,
0x000001a23b1a9000, 0x000001a23b510000, 0x000001a23b529800
}

Java Threads: ( => current thread )
  0x000001a21e848800 JavaThread "main" [_thread_in_vm, id=14784, stack(0x000000930b300000,0x000000930b400000)]
  0x000001a23aeb0800 JavaThread "Reference Handler" daemon [_thread_blocked, id=11192, stack(0x000000930ba00000,0x000000930bb00000)]
  0x000001a23aedc800 JavaThread "Finalizer" daemon [_thread_blocked, id=2624, stack(0x000000930bb00000,0x000000930bc00000)]
  0x000001a23af40800 JavaThread "Signal Dispatcher" daemon [_thread_blocked, id=15580, stack(0x000000930bc00000,0x000000930bd00000)]
  0x000001a23af41800 JavaThread "Attach Listener" daemon [_thread_blocked, id=7680, stack(0x000000930bd00000,0x000000930be00000)]
=>0x000001a23af43000 JavaThread "C2 CompilerThread0" daemon [_thread_in_native, id=17696, stack(0x000000930be00000,0x000000930bf00000)]
  0x000001a23af46000 JavaThread "C1 CompilerThread0" daemon [_thread_blocked, id=9124, stack(0x000000930bf00000,0x000000930c000000)]
  0x000001a23b098800 JavaThread "Sweeper thread" daemon [_thread_blocked, id=9756, stack(0x000000930c000000,0x000000930c100000)]
  0x000001a23b1a9000 JavaThread "Common-Cleaner" daemon [_thread_blocked, id=4432, stack(0x000000930c100000,0x000000930c200000)]
  0x000001a23b510000 JavaThread "org.jacoco.agent.rt.internal_f3994fa.output.TcpClientOutput" daemon [_thread_in_native, id=10808, stack(0x000000930c200000,0x000000930c300000)]
  0x000001a23b529800 JavaThread "Service Thread" daemon [_thread_blocked, id=124, stack(0x000000930c300000,0x000000930c400000)]

Other Threads:
  0x000001a23aeac800 VMThread "VM Thread" [stack: 0x000000930b900000,0x000000930ba00000] [id=4196]
  0x000001a23b79d800 WatcherThread [stack: 0x000000930c400000,0x000000930c500000] [id=16904]
  0x000001a21e85e800 GCTaskThread "GC Thread#0" [stack: 0x000000930b400000,0x000000930b500000] [id=6348]
  0x000001a23b6f8800 GCTaskThread "GC Thread#1" [stack: 0x000000930c500000,0x000000930c600000] [id=15568]
  0x000001a21e87d800 ConcurrentGCThread "G1 Main Marker" [stack: 0x000000930b500000,0x000000930b600000] [id=17876]
  0x000001a21e87e800 ConcurrentGCThread "G1 Conc#0" [stack: 0x000000930b600000,0x000000930b700000] [id=8028]
  0x000001a21e8d9000 ConcurrentGCThread "G1 Refine#0" [stack: 0x000000930b700000,0x000000930b800000] [id=8652]
  0x000001a21e8db000 ConcurrentGCThread "G1 Young RemSet Sampling" [stack: 0x000000930b800000,0x000000930b900000] [id=2648]

Threads with active compile tasks:
C2 CompilerThread0   2191 1007   !   4       java.util.jar.Attributes::read (390 bytes)

VM state:not at safepoint (normal execution)

VM Mutex/Monitor currently owned by a thread: None

Heap address: 0x00000000c1400000, size: 1004 MB, Compressed Oops mode: 32-bit
Narrow klass base: 0x0000000000000000, Narrow klass shift: 3
Compressed class space size: 1073741824 Address: 0x0000000100000000

Heap:
 garbage-first heap   total 65536K, used 8329K [0x00000000c1400000, 0x0000000100000000)
  region size 1024K, 9 young (9216K), 2 survivors (2048K)
 Metaspace       used 11844K, capacity 12077K, committed 12288K, reserved 1060864K
  class space    used 1083K, capacity 1169K, committed 1280K, reserved 1048576K
Heap Regions: E=young(eden), S=young(survivor), O=old, HS=humongous(starts), HC=humongous(continues), CS=collection set, F=free, A=archive, TAMS=top-at-mark-start (previous, next)
|   0|0x00000000c1400000, 0x00000000c1422400, 0x00000000c1500000| 13%| O|  |TAMS 0x00000000c1400000, 0x00000000c1400000| Untracked 
|   1|0x00000000c1500000, 0x00000000c1500000, 0x00000000c1600000|  0%| F|  |TAMS 0x00000000c1500000, 0x00000000c1500000| Untracked 
|   2|0x00000000c1600000, 0x00000000c1600000, 0x00000000c1700000|  0%| F|  |TAMS 0x00000000c1600000, 0x00000000c1600000| Untracked 
|   3|0x00000000c1700000, 0x00000000c1700000, 0x00000000c1800000|  0%| F|  |TAMS 0x00000000c1700000, 0x00000000c1700000| Untracked 
|   4|0x00000000c1800000, 0x00000000c1800000, 0x00000000c1900000|  0%| F|  |TAMS 0x00000000c1800000, 0x00000000c1800000| Untracked 
|   5|0x00000000c1900000, 0x00000000c1900000, 0x00000000c1a00000|  0%| F|  |TAMS 0x00000000c1900000, 0x00000000c1900000| Untracked 
|   6|0x00000000c1a00000, 0x00000000c1a00000, 0x00000000c1b00000|  0%| F|  |TAMS 0x00000000c1a00000, 0x00000000c1a00000| Untracked 
|   7|0x00000000c1b00000, 0x00000000c1b00000, 0x00000000c1c00000|  0%| F|  |TAMS 0x00000000c1b00000, 0x00000000c1b00000| Untracked 
|   8|0x00000000c1c00000, 0x00000000c1c00000, 0x00000000c1d00000|  0%| F|  |TAMS 0x00000000c1c00000, 0x00000000c1c00000| Untracked 
|   9|0x00000000c1d00000, 0x00000000c1d00000, 0x00000000c1e00000|  0%| F|  |TAMS 0x00000000c1d00000, 0x00000000c1d00000| Untracked 
|  10|0x00000000c1e00000, 0x00000000c1e00000, 0x00000000c1f00000|  0%| F|  |TAMS 0x00000000c1e00000, 0x00000000c1e00000| Untracked 
|  11|0x00000000c1f00000, 0x00000000c1f00000, 0x00000000c2000000|  0%| F|  |TAMS 0x00000000c1f00000, 0x00000000c1f00000| Untracked 
|  12|0x00000000c2000000, 0x00000000c2000000, 0x00000000c2100000|  0%| F|  |TAMS 0x00000000c2000000, 0x00000000c2000000| Untracked 
|  13|0x00000000c2100000, 0x00000000c2100000, 0x00000000c2200000|  0%| F|  |TAMS 0x00000000c2100000, 0x00000000c2100000| Untracked 
|  14|0x00000000c2200000, 0x00000000c2200000, 0x00000000c2300000|  0%| F|  |TAMS 0x00000000c2200000, 0x00000000c2200000| Untracked 
|  15|0x00000000c2300000, 0x00000000c2300000, 0x00000000c2400000|  0%| F|  |TAMS 0x00000000c2300000, 0x00000000c2300000| Untracked 
|  16|0x00000000c2400000, 0x00000000c2400000, 0x00000000c2500000|  0%| F|  |TAMS 0x00000000c2400000, 0x00000000c2400000| Untracked 
|  17|0x00000000c2500000, 0x00000000c2500000, 0x00000000c2600000|  0%| F|  |TAMS 0x00000000c2500000, 0x00000000c2500000| Untracked 
|  18|0x00000000c2600000, 0x00000000c2600000, 0x00000000c2700000|  0%| F|  |TAMS 0x00000000c2600000, 0x00000000c2600000| Untracked 
|  19|0x00000000c2700000, 0x00000000c2700000, 0x00000000c2800000|  0%| F|  |TAMS 0x00000000c2700000, 0x00000000c2700000| Untracked 
|  20|0x00000000c2800000, 0x00000000c2800000, 0x00000000c2900000|  0%| F|  |TAMS 0x00000000c2800000, 0x00000000c2800000| Untracked 
|  21|0x00000000c2900000, 0x00000000c2900000, 0x00000000c2a00000|  0%| F|  |TAMS 0x00000000c2900000, 0x00000000c2900000| Untracked 
|  22|0x00000000c2a00000, 0x00000000c2a00000, 0x00000000c2b00000|  0%| F|  |TAMS 0x00000000c2a00000, 0x00000000c2a00000| Untracked 
|  23|0x00000000c2b00000, 0x00000000c2b00000, 0x00000000c2c00000|  0%| F|  |TAMS 0x00000000c2b00000, 0x00000000c2b00000| Untracked 
|  24|0x00000000c2c00000, 0x00000000c2c00000, 0x00000000c2d00000|  0%| F|  |TAMS 0x00000000c2c00000, 0x00000000c2c00000| Untracked 
|  25|0x00000000c2d00000, 0x00000000c2d00000, 0x00000000c2e00000|  0%| F|  |TAMS 0x00000000c2d00000, 0x00000000c2d00000| Untracked 
|  26|0x00000000c2e00000, 0x00000000c2e00000, 0x00000000c2f00000|  0%| F|  |TAMS 0x00000000c2e00000, 0x00000000c2e00000| Untracked 
|  27|0x00000000c2f00000, 0x00000000c2f00000, 0x00000000c3000000|  0%| F|  |TAMS 0x00000000c2f00000, 0x00000000c2f00000| Untracked 
|  28|0x00000000c3000000, 0x00000000c3000000, 0x00000000c3100000|  0%| F|  |TAMS 0x00000000c3000000, 0x00000000c3000000| Untracked 
|  29|0x00000000c3100000, 0x00000000c3100000, 0x00000000c3200000|  0%| F|  |TAMS 0x00000000c3100000, 0x00000000c3100000| Untracked 
|  30|0x00000000c3200000, 0x00000000c3200000, 0x00000000c3300000|  0%| F|  |TAMS 0x00000000c3200000, 0x00000000c3200000| Untracked 
|  31|0x00000000c3300000, 0x00000000c3300000, 0x00000000c3400000|  0%| F|  |TAMS 0x00000000c3300000, 0x00000000c3300000| Untracked 
|  32|0x00000000c3400000, 0x00000000c3400000, 0x00000000c3500000|  0%| F|  |TAMS 0x00000000c3400000, 0x00000000c3400000| Untracked 
|  33|0x00000000c3500000, 0x00000000c3500000, 0x00000000c3600000|  0%| F|  |TAMS 0x00000000c3500000, 0x00000000c3500000| Untracked 
|  34|0x00000000c3600000, 0x00000000c3600000, 0x00000000c3700000|  0%| F|  |TAMS 0x00000000c3600000, 0x00000000c3600000| Untracked 
|  35|0x00000000c3700000, 0x00000000c3700000, 0x00000000c3800000|  0%| F|  |TAMS 0x00000000c3700000, 0x00000000c3700000| Untracked 
|  36|0x00000000c3800000, 0x00000000c3800000, 0x00000000c3900000|  0%| F|  |TAMS 0x00000000c3800000, 0x00000000c3800000| Untracked 
|  37|0x00000000c3900000, 0x00000000c3900000, 0x00000000c3a00000|  0%| F|  |TAMS 0x00000000c3900000, 0x00000000c3900000| Untracked 
|  38|0x00000000c3a00000, 0x00000000c3a00000, 0x00000000c3b00000|  0%| F|  |TAMS 0x00000000c3a00000, 0x00000000c3a00000| Untracked 
|  39|0x00000000c3b00000, 0x00000000c3b00000, 0x00000000c3c00000|  0%| F|  |TAMS 0x00000000c3b00000, 0x00000000c3b00000| Untracked 
|  40|0x00000000c3c00000, 0x00000000c3c00000, 0x00000000c3d00000|  0%| F|  |TAMS 0x00000000c3c00000, 0x00000000c3c00000| Untracked 
|  41|0x00000000c3d00000, 0x00000000c3d00000, 0x00000000c3e00000|  0%| F|  |TAMS 0x00000000c3d00000, 0x00000000c3d00000| Untracked 
|  42|0x00000000c3e00000, 0x00000000c3e00000, 0x00000000c3f00000|  0%| F|  |TAMS 0x00000000c3e00000, 0x00000000c3e00000| Untracked 
|  43|0x00000000c3f00000, 0x00000000c3f00000, 0x00000000c4000000|  0%| F|  |TAMS 0x00000000c3f00000, 0x00000000c3f00000| Untracked 
|  44|0x00000000c4000000, 0x00000000c4000000, 0x00000000c4100000|  0%| F|  |TAMS 0x00000000c4000000, 0x00000000c4000000| Untracked 
|  45|0x00000000c4100000, 0x00000000c4100000, 0x00000000c4200000|  0%| F|  |TAMS 0x00000000c4100000, 0x00000000c4100000| Untracked 
|  46|0x00000000c4200000, 0x00000000c4200000, 0x00000000c4300000|  0%| F|  |TAMS 0x00000000c4200000, 0x00000000c4200000| Untracked 
|  47|0x00000000c4300000, 0x00000000c4300000, 0x00000000c4400000|  0%| F|  |TAMS 0x00000000c4300000, 0x00000000c4300000| Untracked 
|  48|0x00000000c4400000, 0x00000000c4500000, 0x00000000c4500000|100%| S|CS|TAMS 0x00000000c4400000, 0x00000000c4400000| Complete 
|  49|0x00000000c4500000, 0x00000000c4600000, 0x00000000c4600000|100%| S|CS|TAMS 0x00000000c4500000, 0x00000000c4500000| Complete 
|  50|0x00000000c4600000, 0x00000000c4600000, 0x00000000c4700000|  0%| F|  |TAMS 0x00000000c4600000, 0x00000000c4600000| Untracked 
|  51|0x00000000c4700000, 0x00000000c4700000, 0x00000000c4800000|  0%| F|  |TAMS 0x00000000c4700000, 0x00000000c4700000| Untracked 
|  52|0x00000000c4800000, 0x00000000c4800000, 0x00000000c4900000|  0%| F|  |TAMS 0x00000000c4800000, 0x00000000c4800000| Untracked 
|  53|0x00000000c4900000, 0x00000000c4900000, 0x00000000c4a00000|  0%| F|  |TAMS 0x00000000c4900000, 0x00000000c4900000| Untracked 
|  54|0x00000000c4a00000, 0x00000000c4a00000, 0x00000000c4b00000|  0%| F|  |TAMS 0x00000000c4a00000, 0x00000000c4a00000| Untracked 
|  55|0x00000000c4b00000, 0x00000000c4b00000, 0x00000000c4c00000|  0%| F|  |TAMS 0x00000000c4b00000, 0x00000000c4b00000| Untracked 
|  56|0x00000000c4c00000, 0x00000000c4c00000, 0x00000000c4d00000|  0%| F|  |TAMS 0x00000000c4c00000, 0x00000000c4c00000| Untracked 
|  57|0x00000000c4d00000, 0x00000000c4d80d70, 0x00000000c4e00000| 50%| E|  |TAMS 0x00000000c4d00000, 0x00000000c4d00000| Complete 
|  58|0x00000000c4e00000, 0x00000000c4f00000, 0x00000000c4f00000|100%| E|CS|TAMS 0x00000000c4e00000, 0x00000000c4e00000| Complete 
|  59|0x00000000c4f00000, 0x00000000c5000000, 0x00000000c5000000|100%| E|CS|TAMS 0x00000000c4f00000, 0x00000000c4f00000| Complete 
|  60|0x00000000c5000000, 0x00000000c5100000, 0x00000000c5100000|100%| E|CS|TAMS 0x00000000c5000000, 0x00000000c5000000| Complete 
|  61|0x00000000c5100000, 0x00000000c5200000, 0x00000000c5200000|100%| E|CS|TAMS 0x00000000c5100000, 0x00000000c5100000| Complete 
|  62|0x00000000c5200000, 0x00000000c5300000, 0x00000000c5300000|100%| E|CS|TAMS 0x00000000c5200000, 0x00000000c5200000| Complete 
|  63|0x00000000c5300000, 0x00000000c5400000, 0x00000000c5400000|100%| E|CS|TAMS 0x00000000c5300000, 0x00000000c5300000| Complete 

Card table byte_map: [0x000001a235ee0000,0x000001a2360e0000] _byte_map_base: 0x000001a2358d6000

Marking Bits (Prev, Next): (CMBitMap*) 0x000001a21e8789b8, (CMBitMap*) 0x000001a21e8789f0
 Prev Bits: [0x000001a2362e0000, 0x000001a237290000)
 Next Bits: [0x000001a237290000, 0x000001a238240000)

Polling page: 0x000001a21c7e0000

Metaspace:

Usage:
  Non-class:     10.65 MB capacity,    10.51 MB ( 99%) used,   129.88 KB (  1%) free+waste,    14.25 KB ( <1%) overhead. 
      Class:      1.14 MB capacity,     1.06 MB ( 93%) used,    78.46 KB (  7%) free+waste,     6.00 KB ( <1%) overhead. 
       Both:     11.79 MB capacity,    11.57 MB ( 98%) used,   208.34 KB (  2%) free+waste,    20.25 KB ( <1%) overhead. 

Virtual space:
  Non-class space:       12.00 MB reserved,      10.75 MB ( 90%) committed 
      Class space:        1.00 GB reserved,       1.25 MB ( <1%) committed 
             Both:        1.01 GB reserved,      12.00 MB (  1%) committed 

Chunk freelists:
   Non-Class:  4.50 KB
       Class:  1.88 KB
        Both:  6.38 KB

CodeHeap 'non-profiled nmethods': size=120064Kb used=289Kb max_used=289Kb free=119775Kb
 bounds [0x000001a22e7a0000, 0x000001a22ea10000, 0x000001a235ce0000]
CodeHeap 'profiled nmethods': size=120000Kb used=2448Kb max_used=2448Kb free=117551Kb
 bounds [0x000001a227270000, 0x000001a2274e0000, 0x000001a22e7a0000]
CodeHeap 'non-nmethods': size=5696Kb used=1079Kb max_used=1092Kb free=4616Kb
 bounds [0x000001a226ce0000, 0x000001a226f50000, 0x000001a227270000]
 total_blobs=1540 nmethods=1156 adapters=296
 compilation: enabled
              stopped_count=0, restarted_count=0
 full_count=0

Compilation events (10 events):
Event: 2.113 Thread 0x000001a23af46000 1102       3       org.jacoco.agent.rt.internal_f3994fa.asm.commons.AnalyzerAdapter::visitJumpInsn (31 bytes)
Event: 2.114 Thread 0x000001a23af46000 nmethod 1102 0x000001a2274a7910 code [0x000001a2274a7ae0, 0x000001a2274a7e38]
Event: 2.114 Thread 0x000001a23af46000 1111       3       java.util.jar.JarVerifier$VerifierStream::read (103 bytes)
Event: 2.114 Thread 0x000001a23af46000 nmethod 1111 0x000001a2274a7f90 code [0x000001a2274a8160, 0x000001a2274a8568]
Event: 2.114 Thread 0x000001a23af46000 1107       3       java.lang.invoke.MethodType$ConcurrentWeakInternSet$WeakEntry::<init> (15 bytes)
Event: 2.115 Thread 0x000001a23af46000 nmethod 1107 0x000001a2274a8710 code [0x000001a2274a88e0, 0x000001a2274a8cc8]
Event: 2.116 Thread 0x000001a23af46000 1112       3       java.util.regex.Pattern$GroupHead::match (47 bytes)
Event: 2.116 Thread 0x000001a23af46000 nmethod 1112 0x000001a2274a8e10 code [0x000001a2274a8fc0, 0x000001a2274a9208]
Event: 2.117 Thread 0x000001a23af46000 1113       3       org.jacoco.agent.rt.internal_f3994fa.asm.Handle::hashCode (43 bytes)
Event: 2.117 Thread 0x000001a23af46000 nmethod 1113 0x000001a2274a9390 code [0x000001a2274a9560, 0x000001a2274a97a8]

GC Heap History (2 events):
Event: 1.970 GC heap before
{Heap before GC invocations=0 (full 0):
 garbage-first heap   total 65536K, used 14336K [0x00000000c1400000, 0x0000000100000000)
  region size 1024K, 14 young (14336K), 0 survivors (0K)
 Metaspace       used 11066K, capacity 11239K, committed 11392K, reserved 1058816K
  class space    used 1020K, capacity 1061K, committed 1152K, reserved 1048576K
}
Event: 1.977 GC heap after
{Heap after GC invocations=1 (full 0):
 garbage-first heap   total 65536K, used 2185K [0x00000000c1400000, 0x0000000100000000)
  region size 1024K, 2 young (2048K), 2 survivors (2048K)
 Metaspace       used 11066K, capacity 11239K, committed 11392K, reserved 1058816K
  class space    used 1020K, capacity 1061K, committed 1152K, reserved 1048576K
}

Deoptimization events (9 events):
Event: 0.536 Thread 0x000001a21e848800 Uncommon trap: reason=unstable_if action=reinterpret pc=0x000001a22e7ab310 method=java.util.HashMap.putVal(ILjava/lang/Object;Ljava/lang/Object;ZZ)Ljava/lang/Object; @ 69 c2
Event: 1.649 Thread 0x000001a21e848800 Uncommon trap: reason=unstable_if action=reinterpret pc=0x000001a22e7a4810 method=java.lang.String.isLatin1()Z @ 10 c2
Event: 1.840 Thread 0x000001a21e848800 Uncommon trap: reason=unstable_if action=reinterpret pc=0x000001a22e7c8348 method=java.lang.StringLatin1.indexOf([BI[BII)I @ 80 c2
Event: 1.950 Thread 0x000001a21e848800 Uncommon trap: reason=bimorphic_or_optimized_type_check action=maybe_recompile pc=0x000001a22e7a9914 method=java.util.AbstractCollection.isEmpty()Z @ 1 c2
Event: 1.950 Thread 0x000001a21e848800 Uncommon trap: reason=bimorphic_or_optimized_type_check action=maybe_recompile pc=0x000001a22e7a9914 method=java.util.AbstractCollection.isEmpty()Z @ 1 c2
Event: 1.952 Thread 0x000001a21e848800 Uncommon trap: reason=bimorphic_or_optimized_type_check action=maybe_recompile pc=0x000001a22e7a9914 method=java.util.AbstractCollection.isEmpty()Z @ 1 c2
Event: 1.953 Thread 0x000001a21e848800 Uncommon trap: reason=bimorphic_or_optimized_type_check action=maybe_recompile pc=0x000001a22e7a9914 method=java.util.AbstractCollection.isEmpty()Z @ 1 c2
Event: 2.003 Thread 0x000001a21e848800 Uncommon trap: reason=unstable_if action=reinterpret pc=0x000001a22e7b7c54 method=java.util.jar.Manifest$FastInputStream.readLine([BII)I @ 130 c2
Event: 2.042 Thread 0x000001a21e848800 Uncommon trap: reason=unstable_if action=reinterpret pc=0x000001a22e7d7d9c method=java.math.BigInteger.addOne([IIII)I @ 55 c2

Classes redefined (0 events):
No events

Internal exceptions (1 events):
Event: 1.637 Thread 0x000001a21e848800 Exception <a 'java/lang/NoSuchMethodError'{0x00000000c4c16b98}: java.lang.invoke.DirectMethodHandle$Holder.invokeSpecialIFC(Ljava/lang/Object;Ljava/lang/Object;I)I> (0x00000000c4c16b98) thrown at [./open/src/hotspot/share/interpreter/linkResolver.cpp, lin

Events (10 events):
Event: 2.106 loading class org/junit/platform/launcher/core/EngineIdValidator
Event: 2.106 loading class org/junit/platform/launcher/core/EngineIdValidator done
Event: 2.109 loading class org/junit/platform/launcher/core/EngineDiscoveryResultValidator
Event: 2.109 loading class org/junit/platform/launcher/core/EngineDiscoveryResultValidator done
Event: 2.115 loading class org/junit/platform/launcher/core/ServiceLoaderTestExecutionListenerRegistry
Event: 2.115 loading class org/junit/platform/launcher/core/ServiceLoaderTestExecutionListenerRegistry done
Event: 2.120 loading class org/junit/platform/launcher/core/LauncherConfigurationParameters
Event: 2.120 loading class org/junit/platform/launcher/core/LauncherConfigurationParameters done
Event: 2.120 Thread 0x000001a21e848800 DEOPT PACKING pc=0x000001a2273d7a5f sp=0x000000930b3fd2d0
Event: 2.120 Thread 0x000001a21e848800 DEOPT UNPACKING pc=0x000001a226d076ce sp=0x000000930b3fc720 mode 0


Dynamic libraries:
0x00007ff7aa1b0000 - 0x00007ff7aa1bf000 	C:\Program Files\AdoptOpenJDK\jdk-14.0.2.12-openj9\bin\javaw.exe
0x00007ff858730000 - 0x00007ff858925000 	C:\WINDOWS\SYSTEM32\ntdll.dll
0x00007ff857010000 - 0x00007ff8570cd000 	C:\WINDOWS\System32\KERNEL32.DLL
0x00007ff8561b0000 - 0x00007ff856479000 	C:\WINDOWS\System32\KERNELBASE.dll
0x00007ff856690000 - 0x00007ff856790000 	C:\WINDOWS\System32\ucrtbase.dll
0x00007ff84d530000 - 0x00007ff84d545000 	C:\Program Files\AdoptOpenJDK\jdk-14.0.2.12-openj9\bin\VCRUNTIME140.dll
0x00007ff84d090000 - 0x00007ff84d0a8000 	C:\Program Files\AdoptOpenJDK\jdk-14.0.2.12-openj9\bin\jli.dll
0x00007ff856c10000 - 0x00007ff856cbc000 	C:\WINDOWS\System32\ADVAPI32.dll
0x00007ff857ca0000 - 0x00007ff857d3e000 	C:\WINDOWS\System32\msvcrt.dll
0x00007ff858290000 - 0x00007ff85832b000 	C:\WINDOWS\System32\sechost.dll
0x00007ff856eb0000 - 0x00007ff856fda000 	C:\WINDOWS\System32\RPCRT4.dll
0x00007ff858520000 - 0x00007ff8586c0000 	C:\WINDOWS\System32\USER32.dll
0x00007ff855e60000 - 0x00007ff855e82000 	C:\WINDOWS\System32\win32u.dll
0x00007ff856fe0000 - 0x00007ff85700a000 	C:\WINDOWS\System32\GDI32.dll
0x00007ff856530000 - 0x00007ff85663b000 	C:\WINDOWS\System32\gdi32full.dll
0x00007ff855f50000 - 0x00007ff855fed000 	C:\WINDOWS\System32\msvcp_win.dll
0x00007ff82d070000 - 0x00007ff82d30a000 	C:\WINDOWS\WinSxS\amd64_microsoft.windows.common-controls_6595b64144ccf1df_6.0.19041.1110_none_60b5254171f9507e\COMCTL32.dll
0x00007ff84d160000 - 0x00007ff84d16a000 	C:\WINDOWS\SYSTEM32\VERSION.dll
0x00007ff8586c0000 - 0x00007ff8586f0000 	C:\WINDOWS\System32\IMM32.DLL
0x00007ff845990000 - 0x00007ff845a2b000 	C:\Program Files\AdoptOpenJDK\jdk-14.0.2.12-openj9\bin\msvcp140.dll
0x00007ff80d1c0000 - 0x00007ff80dcbb000 	C:\Program Files\AdoptOpenJDK\jdk-14.0.2.12-openj9\bin\server\jvm.dll
0x00007ff858340000 - 0x00007ff858348000 	C:\WINDOWS\System32\PSAPI.DLL
0x00007ff83f930000 - 0x00007ff83f957000 	C:\WINDOWS\SYSTEM32\WINMM.dll
0x00007ff83f300000 - 0x00007ff83f309000 	C:\WINDOWS\SYSTEM32\WSOCK32.dll
0x00007ff857c30000 - 0x00007ff857c9b000 	C:\WINDOWS\System32\WS2_32.dll
0x00007ff8546f0000 - 0x00007ff854702000 	C:\WINDOWS\SYSTEM32\kernel.appcore.dll
0x00007ff84f830000 - 0x00007ff84f840000 	C:\Program Files\AdoptOpenJDK\jdk-14.0.2.12-openj9\bin\verify.dll
0x00007ff853c70000 - 0x00007ff853e54000 	C:\WINDOWS\SYSTEM32\DBGHELP.DLL
0x00007ff8470c0000 - 0x00007ff8470ec000 	C:\WINDOWS\SYSTEM32\dbgcore.DLL
0x00007ff855e90000 - 0x00007ff855f13000 	C:\WINDOWS\System32\bcryptPrimitives.dll
0x00007ff84a740000 - 0x00007ff84a768000 	C:\Program Files\AdoptOpenJDK\jdk-14.0.2.12-openj9\bin\java.dll
0x00007ff84f680000 - 0x00007ff84f68a000 	C:\Program Files\AdoptOpenJDK\jdk-14.0.2.12-openj9\bin\jimage.dll
0x00007ff84fce0000 - 0x00007ff84fcee000 	C:\Program Files\AdoptOpenJDK\jdk-14.0.2.12-openj9\bin\instrument.dll
0x00007ff84d040000 - 0x00007ff84d056000 	C:\Program Files\AdoptOpenJDK\jdk-14.0.2.12-openj9\bin\zip.dll
0x00007ff857410000 - 0x00007ff857b4f000 	C:\WINDOWS\System32\SHELL32.dll
0x00007ff853e60000 - 0x00007ff8545f0000 	C:\WINDOWS\SYSTEM32\windows.storage.dll
0x00007ff857da0000 - 0x00007ff8580f5000 	C:\WINDOWS\System32\combase.dll
0x00007ff8557f0000 - 0x00007ff85581c000 	C:\WINDOWS\SYSTEM32\Wldp.dll
0x00007ff858350000 - 0x00007ff8583fe000 	C:\WINDOWS\System32\SHCORE.dll
0x00007ff858210000 - 0x00007ff858265000 	C:\WINDOWS\System32\shlwapi.dll
0x00007ff855da0000 - 0x00007ff855dbf000 	C:\WINDOWS\SYSTEM32\profapi.dll
0x00007ff84bee0000 - 0x00007ff84bef9000 	C:\Program Files\AdoptOpenJDK\jdk-14.0.2.12-openj9\bin\net.dll
0x00007ff842970000 - 0x00007ff842a78000 	C:\WINDOWS\SYSTEM32\WINHTTP.dll
0x00007ff855550000 - 0x00007ff8555ba000 	C:\WINDOWS\system32\mswsock.dll
0x00007ff84a9f0000 - 0x00007ff84aa02000 	C:\Program Files\AdoptOpenJDK\jdk-14.0.2.12-openj9\bin\nio.dll
0x00007ff8418c0000 - 0x00007ff8418d7000 	C:\WINDOWS\system32\napinsp.dll
0x00007ff845ad0000 - 0x00007ff845aeb000 	C:\WINDOWS\system32\pnrpnsp.dll
0x00007ff850900000 - 0x00007ff850915000 	C:\WINDOWS\system32\wshbth.dll
0x00007ff84cf40000 - 0x00007ff84cf5d000 	C:\WINDOWS\system32\NLAapi.dll
0x00007ff855240000 - 0x00007ff85527b000 	C:\WINDOWS\SYSTEM32\IPHLPAPI.DLL
0x00007ff855280000 - 0x00007ff85534c000 	C:\WINDOWS\SYSTEM32\DNSAPI.dll
0x00007ff858330000 - 0x00007ff858338000 	C:\WINDOWS\System32\NSI.dll
0x00007ff8467e0000 - 0x00007ff8467f2000 	C:\WINDOWS\System32\winrnr.dll
0x00007ff84d170000 - 0x00007ff84d17a000 	C:\Windows\System32\rasadhlp.dll
0x00007ff8426d0000 - 0x00007ff84274f000 	C:\WINDOWS\System32\fwpuclnt.dll
0x00007ff855f20000 - 0x00007ff855f47000 	C:\WINDOWS\System32\bcrypt.dll

dbghelp: loaded successfully - version: 4.0.5 - missing functions: none
symbol engine: initialized successfully - sym options: 0x614 - pdb path: .;C:\Program Files\AdoptOpenJDK\jdk-14.0.2.12-openj9\bin;C:\WINDOWS\SYSTEM32;C:\WINDOWS\WinSxS\amd64_microsoft.windows.common-controls_6595b64144ccf1df_6.0.19041.1110_none_60b5254171f9507e;C:\Program Files\AdoptOpenJDK\jdk-14.0.2.12-openj9\bin\server

VM Arguments:
jvm_args: -javaagent:C:\Users\h\eclipse\java-2020-12\eclipse\configuration\org.eclipse.osgi\409\0\.cp\jacocoagent.jar=includes=*,excludes=,exclclassloader=sun.reflect.DelegatingClassLoader,output=tcpclient,port=57854 -ea -Dfile.encoding=Cp1252 
java_command: org.eclipse.jdt.internal.junit.runner.RemoteTestRunner -version 3 -port 57855 -testLoaderClass org.eclipse.jdt.internal.junit5.runner.JUnit5TestLoader -loaderpluginname org.eclipse.jdt.junit5.runtime -packageNameFile C:\Users\h\AppData\Local\Temp\packageNames8465211188860048362.txt
java_class_path (initial): C:\Users\h\RISavg\I7-08-2020-Sandra-Djuricin\SandraDjuricin\DizajnerskiObrasci\bin;C:\Users\h\RISavg\I7-08-2020-Sandra-Djuricin\SandraDjuricin\DizajnerskiObrasci\resources\heksagon.jar;C:\Users\h\.p2\pool\plugins\org.junit.jupiter.api_5.7.1.v20210222-1948.jar;C:\Users\h\.p2\pool\plugins\org.junit.jupiter.engine_5.7.1.v20210222-1948.jar;C:\Users\h\.p2\pool\plugins\org.junit.jupiter.migrationsupport_5.7.1.v20210222-1948.jar;C:\Users\h\.p2\pool\plugins\org.junit.jupiter.params_5.7.1.v20210222-1948.jar;C:\Users\h\.p2\pool\plugins\org.junit.platform.commons_1.7.1.v20210222-1948.jar;C:\Users\h\.p2\pool\plugins\org.junit.platform.engine_1.7.1.v20210222-1948.jar;C:\Users\h\.p2\pool\plugins\org.junit.platform.launcher_1.7.1.v20210222-1948.jar;C:\Users\h\.p2\pool\plugins\org.junit.platform.runner_1.7.1.v20210222-1948.jar;C:\Users\h\.p2\pool\plugins\org.junit.platform.suite.api_1.7.1.v20210222-1948.jar;C:\Users\h\.p2\pool\plugins\org.junit.vintage.engine_5.7.1.v20210222-1948.jar;C:\Users\h\.p2\pool\plugins\org.opentest4j_1.2.0.v20190826-0900.jar;C:\Users\h\.p2\pool\plugins\org.apiguardian_1.1.0.v20190826-0900.jar;C:\Users\h\.p2\pool\plugins\org.junit_4.13.0.v20200204-1500.jar;C:\Users\h\.p2\pool\plugins\org.hamcrest.core_1.3.0.v20180420-1519.jar;C:\Users\h\eclipse\java-2020-12\eclipse\configuration\org.eclipse.osgi\587\0\.cp;C:\Users\h\eclipse\java-2020-12\eclipse\configuration\org.eclipse.osgi\585\0\.cp
Launcher Type: SUN_STANDARD

[Global flags]
     intx CICompilerCount                          = 3                                         {product} {ergonomic}
     uint ConcGCThreads                            = 1                                         {product} {ergonomic}
     uint G1ConcRefinementThreads                  = 4                                         {product} {ergonomic}
   size_t G1HeapRegionSize                         = 1048576                                   {product} {ergonomic}
    uintx GCDrainStackTargetSize                   = 64                                        {product} {ergonomic}
   size_t InitialHeapSize                          = 67108864                                  {product} {ergonomic}
   size_t MarkStackSize                            = 4194304                                   {product} {ergonomic}
   size_t MaxHeapSize                              = 1052770304                                {product} {ergonomic}
   size_t MaxNewSize                               = 631242752                                 {product} {ergonomic}
   size_t MinHeapDeltaBytes                        = 1048576                                   {product} {ergonomic}
    uintx NonNMethodCodeHeapSize                   = 5830732                                {pd product} {ergonomic}
    uintx NonProfiledCodeHeapSize                  = 122913754                              {pd product} {ergonomic}
    uintx ProfiledCodeHeapSize                     = 122913754                              {pd product} {ergonomic}
    uintx ReservedCodeCacheSize                    = 251658240                              {pd product} {ergonomic}
     bool SegmentedCodeCache                       = true                                      {product} {ergonomic}
     bool UseCompressedClassPointers               = true                                 {lp64_product} {ergonomic}
     bool UseCompressedOops                        = true                                 {lp64_product} {ergonomic}
     bool UseG1GC                                  = true                                      {product} {ergonomic}
     bool UseLargePagesIndividualAllocation        = false                                  {pd product} {ergonomic}

Logging:
Log output configuration:
 #0: stdout all=warning uptime,level,tags
 #1: stderr all=off uptime,level,tags

Environment Variables:
JAVA_HOME=C:\Program Files\Java\jdk-11.0.10
PATH=C:\Program Files\Common Files\Oracle\Java\javapath;C:\Program Files\AdoptOpenJDK\jdk-8.0.222.10-hotspot\bin;C:\Program Files (x86)\Common Files\Oracle\Java\javapath;C:\WINDOWS\system32;C:\WINDOWS;C:\WINDOWS\System32\Wbem;C:\WINDOWS\System32\WindowsPowerShell\v1.0\;C:\WINDOWS\System32\OpenSSH\;C:\Program Files\Microsoft SQL Server\Client SDK\ODBC\130\Tools\Binn\;C:\Program Files (x86)\Microsoft SQL Server\140\Tools\Binn\;C:\Program Files\Microsoft SQL Server\140\Tools\Binn\;C:\Program Files\Microsoft SQL Server\140\DTS\Binn\;C:\Program Files\Microsoft SQL Server\130\Tools\Binn\;C:\Program Files\Microsoft SQL Server\Client SDK\ODBC\170\Tools\Binn\;C:\Program Files (x86)\Microsoft SQL Server\150\DTS\Binn\;C:\Program Files\MATLAB\R2020a\bin;C:\Program Files\nodejs\;C:\Program Files\apache-maven-3.6.3\bin;C:\Users\pecam\anaconda3;C:\Users\pecam\anaconda3\bin;C:\Users\pecam\anaconda3\Scripts;C:\sonar-scanner-cli-4.6.1.2450-windows\sonar-scanner-4.6.1.2450-windows\bin;C:\Program Files\Git\cmd;C:\Program Files\MySQL\MySQL Shell 8.0\bin\;C:\Users\h\AppData\Local\Programs\Microsoft VS Code\bin;C:\Users\h\AppData\Local\atom\bin;C:\Users\h\AppData\Roaming\npm;C:\Users\h\AppData\Local\Programs\Fiddler;C:\Users\h\AppData\Local\Programs\MiKTeX\miktex\bin\x64\;C:\Program Files\apache-maven-3.6.3\bin;C:\Users\h\AppData\Local\Microsoft\WindowsApps;C:\Users\h\anaconda3\Scripts;C:\Users\h\anaconda3\bin;C:\Users\h\anaconda3;
USERNAME=h
OS=Windows_NT
PROCESSOR_IDENTIFIER=Intel64 Family 6 Model 142 Stepping 10, GenuineIntel



---------------  S Y S T E M  ---------------

OS: Windows 10 , 64 bit Build 19041 (10.0.19041.1151)

CPU:total 4 (initial active 4) (2 cores per cpu, 2 threads per core) family 6 model 142 stepping 10 microcode 0xe0, cmov, cx8, fxsr, mmx, sse, sse2, sse3, ssse3, sse4.1, sse4.2, popcnt, avx, avx2, aes, clmul, erms, 3dnowpref, lzcnt, ht, tsc, tscinvbit, bmi1, bmi2, adx, fma

Memory: 4k page, system-wide physical 4011M (311M free)
TotalPageFile size 10155M (AvailPageFile size 4M)
current process WorkingSet (physical memory assigned to process): 67M, peak: 67M
current process commit charge ("private bytes"): 147M, peak: 147M

vm_info: Java HotSpot(TM) 64-Bit Server VM (11.0.10+8-LTS-162) for windows-amd64 JRE (11.0.10+8-LTS-162), built on Dec  8 2020 16:32:57 by "mach5one" with MS VC++ 15.9 (VS2017)

END.
