#
# There is insufficient memory for the Java Runtime Environment to continue.
# Native memory allocation (malloc) failed to allocate 1195376 bytes for Chunk::new
# Possible reasons:
#   The system is out of physical RAM or swap space
#   The process is running with CompressedOops enabled, and the Java Heap may be blocking the growth of the native heap
# Possible solutions:
#   Reduce memory load on the system
#   Increase physical memory or swap space
#   Check if swap backing store is full
#   Decrease Java heap size (-Xmx/-Xms)
#   Decrease number of Java threads
#   Decrease Java thread stack sizes (-Xss)
#   Set larger code cache with -XX:ReservedCodeCacheSize=
#   JVM is running with Unscaled Compressed Oops mode in which the Java heap is
#     placed in the first 4GB address space. The Java Heap base address is the
#     maximum limit for the native heap growth. Please use -XX:HeapBaseMinAddress
#     to set the Java Heap base and to place the Java Heap above 4GB virtual address.
# This output file may be truncated or incomplete.
#
#  Out of Memory Error (./open/src/hotspot/share/memory/arena.cpp:197), pid=2848, tid=16448
#
# JRE version: Java(TM) SE Runtime Environment 18.9 (11.0.10+8) (build 11.0.10+8-LTS-162)
# Java VM: Java HotSpot(TM) 64-Bit Server VM 18.9 (11.0.10+8-LTS-162, mixed mode, tiered, compressed oops, g1 gc, windows-amd64)
# No core dump will be written. Minidumps are not enabled by default on client versions of Windows
#

---------------  S U M M A R Y ------------

Command Line: -Dfile.encoding=Cp1252 com.sekara.designpatterns.Main

Host: Intel(R) Core(TM) i3-7020U CPU @ 2.30GHz, 4 cores, 3G,  Windows 10 , 64 bit Build 19041 (10.0.19041.1151)
Time: Sat Aug 21 23:13:18 2021 Central Europe Daylight Time elapsed time: 1.074028 seconds (0d 0h 0m 1s)

---------------  T H R E A D  ---------------

Current thread (0x0000026ec0a10000):  JavaThread "C2 CompilerThread0" daemon [_thread_in_native, id=16448, stack(0x000000af00a00000,0x000000af00b00000)]


Current CompileTask:
C2:   1074  517       4       jdk.internal.org.objectweb.asm.Frame::execute (2264 bytes)

Stack: [0x000000af00a00000,0x000000af00b00000]
Native frames: (J=compiled Java code, j=interpreted, Vv=VM code, C=native code)
V  [jvm.dll+0x613e6a]
V  [jvm.dll+0x74c1ff]
V  [jvm.dll+0x74d885]
V  [jvm.dll+0x74df03]
V  [jvm.dll+0x243b78]
V  [jvm.dll+0xba2cc]
V  [jvm.dll+0xba9cc]
V  [jvm.dll+0x346982]
V  [jvm.dll+0x3147d3]
V  [jvm.dll+0x313b1a]
V  [jvm.dll+0x1fd395]
V  [jvm.dll+0x1fc54f]
V  [jvm.dll+0x17f09c]
V  [jvm.dll+0x20bbd4]
V  [jvm.dll+0x209cab]
V  [jvm.dll+0x713619]
V  [jvm.dll+0x70c314]
V  [jvm.dll+0x613036]
C  [ucrtbase.dll+0x21bb2]
C  [KERNEL32.DLL+0x17034]
C  [ntdll.dll+0x52651]


---------------  P R O C E S S  ---------------

Threads class SMR info:
_java_thread_list=0x0000026ec106c130, length=13, elements={
0x0000026ea3bd5800, 0x0000026ec09a0800, 0x0000026ec09aa000, 0x0000026ec0a0c800,
0x0000026ec0a0f000, 0x0000026ec0a10000, 0x0000026ec0a3d800, 0x0000026ec0b79000,
0x0000026ec0c6c000, 0x0000026ec0c78000, 0x0000026ec10a3800, 0x0000026ec110a800,
0x0000026ec110b000
}

Java Threads: ( => current thread )
  0x0000026ea3bd5800 JavaThread "main" [_thread_in_vm, id=10756, stack(0x000000af7ff00000,0x000000af80000000)]
  0x0000026ec09a0800 JavaThread "Reference Handler" daemon [_thread_blocked, id=17696, stack(0x000000af00600000,0x000000af00700000)]
  0x0000026ec09aa000 JavaThread "Finalizer" daemon [_thread_blocked, id=11528, stack(0x000000af00700000,0x000000af00800000)]
  0x0000026ec0a0c800 JavaThread "Signal Dispatcher" daemon [_thread_blocked, id=4104, stack(0x000000af00800000,0x000000af00900000)]
  0x0000026ec0a0f000 JavaThread "Attach Listener" daemon [_thread_blocked, id=17004, stack(0x000000af00900000,0x000000af00a00000)]
=>0x0000026ec0a10000 JavaThread "C2 CompilerThread0" daemon [_thread_in_native, id=16448, stack(0x000000af00a00000,0x000000af00b00000)]
  0x0000026ec0a3d800 JavaThread "C1 CompilerThread0" daemon [_thread_in_native, id=10544, stack(0x000000af00b00000,0x000000af00c00000)]
  0x0000026ec0b79000 JavaThread "Sweeper thread" daemon [_thread_blocked, id=17064, stack(0x000000af00c00000,0x000000af00d00000)]
  0x0000026ec0c6c000 JavaThread "Service Thread" daemon [_thread_blocked, id=13932, stack(0x000000af00d00000,0x000000af00e00000)]
  0x0000026ec0c78000 JavaThread "Common-Cleaner" daemon [_thread_blocked, id=9988, stack(0x000000af00f00000,0x000000af01000000)]
  0x0000026ec10a3800 JavaThread "Java2D Disposer" daemon [_thread_blocked, id=4232, stack(0x000000af01000000,0x000000af01100000)]
  0x0000026ec110a800 JavaThread "AWT-Shutdown" [_thread_blocked, id=3336, stack(0x000000af01100000,0x000000af01200000)]
  0x0000026ec110b000 JavaThread "AWT-Windows" daemon [_thread_in_native, id=17868, stack(0x000000af01200000,0x000000af01300000)]

Other Threads:
  0x0000026ec0977000 VMThread "VM Thread" [stack: 0x000000af00500000,0x000000af00600000] [id=280]
  0x0000026ec0c77000 WatcherThread [stack: 0x000000af00e00000,0x000000af00f00000] [id=10664]
  0x0000026ea3bec800 GCTaskThread "GC Thread#0" [stack: 0x000000af00000000,0x000000af00100000] [id=10760]
  0x0000026ea3c09000 ConcurrentGCThread "G1 Main Marker" [stack: 0x000000af00100000,0x000000af00200000] [id=15928]
  0x0000026ea3c0a800 ConcurrentGCThread "G1 Conc#0" [stack: 0x000000af00200000,0x000000af00300000] [id=18660]
  0x0000026ea3c63000 ConcurrentGCThread "G1 Refine#0" [stack: 0x000000af00300000,0x000000af00400000] [id=14368]
  0x0000026ea3c65800 ConcurrentGCThread "G1 Young RemSet Sampling" [stack: 0x000000af00400000,0x000000af00500000] [id=15232]

Threads with active compile tasks:
C2 CompilerThread0   1140  517       4       jdk.internal.org.objectweb.asm.Frame::execute (2264 bytes)

VM state:not at safepoint (normal execution)

VM Mutex/Monitor currently owned by a thread: None

Heap address: 0x00000000c1400000, size: 1004 MB, Compressed Oops mode: 32-bit
Narrow klass base: 0x0000000000000000, Narrow klass shift: 3
Compressed class space size: 1073741824 Address: 0x0000000100000000

Heap:
 garbage-first heap   total 65536K, used 7168K [0x00000000c1400000, 0x0000000100000000)
  region size 1024K, 8 young (8192K), 0 survivors (0K)
 Metaspace       used 11308K, capacity 11608K, committed 11904K, reserved 1060864K
  class space    used 1174K, capacity 1324K, committed 1408K, reserved 1048576K
Heap Regions: E=young(eden), S=young(survivor), O=old, HS=humongous(starts), HC=humongous(continues), CS=collection set, F=free, A=archive, TAMS=top-at-mark-start (previous, next)
|   0|0x00000000c1400000, 0x00000000c1400000, 0x00000000c1500000|  0%| F|  |TAMS 0x00000000c1400000, 0x00000000c1400000| Untracked 
|   1|0x00000000c1500000, 0x00000000c1500000, 0x00000000c1600000|  0%| F|  |TAMS 0x00000000c1500000, 0x00000000c1500000| Untracked 
|   2|0x00000000c1600000, 0x00000000c1600000, 0x00000000c1700000|  0%| F|  |TAMS 0x00000000c1600000, 0x00000000c1600000| Untracked 
|   3|0x00000000c1700000, 0x00000000c1700000, 0x00000000c1800000|  0%| F|  |TAMS 0x00000000c1700000, 0x00000000c1700000| Untracked 
|   4|0x00000000c1800000, 0x00000000c1800000, 0x00000000c1900000|  0%| F|  |TAMS 0x00000000c1800000, 0x00000000c1800000| Untracked 
|   5|0x00000000c1900000, 0x00000000c1900000, 0x00000000c1a00000|  0%| F|  |TAMS 0x00000000c1900000, 0x00000000c1900000| Untracked 
|   6|0x00000000c1a00000, 0x00000000c1a00000, 0x00000000c1b00000|  0%| F|  |TAMS 0x00000000c1a00000, 0x00000000c1a00000| Untracked 
|   7|0x00000000c1b00000, 0x00000000c1b00000, 0x00000000c1c00000|  0%| F|  |TAMS 0x00000000c1b00000, 0x00000000c1b00000| Untracked 
|   8|0x00000000c1c00000, 0x00000000c1c00000, 0x00000000c1d00000|  0%| F|  |TAMS 0x00000000c1c00000, 0x00000000c1c00000| Untracked 
|   9|0x00000000c1d00000, 0x00000000c1d00000, 0x00000000c1e00000|  0%| F|  |TAMS 0x00000000c1d00000, 0x00000000c1d00000| Untracked 
|  10|0x00000000c1e00000, 0x00000000c1e00000, 0x00000000c1f00000|  0%| F|  |TAMS 0x00000000c1e00000, 0x00000000c1e00000| Untracked 
|  11|0x00000000c1f00000, 0x00000000c1f00000, 0x00000000c2000000|  0%| F|  |TAMS 0x00000000c1f00000, 0x00000000c1f00000| Untracked 
|  12|0x00000000c2000000, 0x00000000c2000000, 0x00000000c2100000|  0%| F|  |TAMS 0x00000000c2000000, 0x00000000c2000000| Untracked 
|  13|0x00000000c2100000, 0x00000000c2100000, 0x00000000c2200000|  0%| F|  |TAMS 0x00000000c2100000, 0x00000000c2100000| Untracked 
|  14|0x00000000c2200000, 0x00000000c2200000, 0x00000000c2300000|  0%| F|  |TAMS 0x00000000c2200000, 0x00000000c2200000| Untracked 
|  15|0x00000000c2300000, 0x00000000c2300000, 0x00000000c2400000|  0%| F|  |TAMS 0x00000000c2300000, 0x00000000c2300000| Untracked 
|  16|0x00000000c2400000, 0x00000000c2400000, 0x00000000c2500000|  0%| F|  |TAMS 0x00000000c2400000, 0x00000000c2400000| Untracked 
|  17|0x00000000c2500000, 0x00000000c2500000, 0x00000000c2600000|  0%| F|  |TAMS 0x00000000c2500000, 0x00000000c2500000| Untracked 
|  18|0x00000000c2600000, 0x00000000c2600000, 0x00000000c2700000|  0%| F|  |TAMS 0x00000000c2600000, 0x00000000c2600000| Untracked 
|  19|0x00000000c2700000, 0x00000000c2700000, 0x00000000c2800000|  0%| F|  |TAMS 0x00000000c2700000, 0x00000000c2700000| Untracked 
|  20|0x00000000c2800000, 0x00000000c2800000, 0x00000000c2900000|  0%| F|  |TAMS 0x00000000c2800000, 0x00000000c2800000| Untracked 
|  21|0x00000000c2900000, 0x00000000c2900000, 0x00000000c2a00000|  0%| F|  |TAMS 0x00000000c2900000, 0x00000000c2900000| Untracked 
|  22|0x00000000c2a00000, 0x00000000c2a00000, 0x00000000c2b00000|  0%| F|  |TAMS 0x00000000c2a00000, 0x00000000c2a00000| Untracked 
|  23|0x00000000c2b00000, 0x00000000c2b00000, 0x00000000c2c00000|  0%| F|  |TAMS 0x00000000c2b00000, 0x00000000c2b00000| Untracked 
|  24|0x00000000c2c00000, 0x00000000c2c00000, 0x00000000c2d00000|  0%| F|  |TAMS 0x00000000c2c00000, 0x00000000c2c00000| Untracked 
|  25|0x00000000c2d00000, 0x00000000c2d00000, 0x00000000c2e00000|  0%| F|  |TAMS 0x00000000c2d00000, 0x00000000c2d00000| Untracked 
|  26|0x00000000c2e00000, 0x00000000c2e00000, 0x00000000c2f00000|  0%| F|  |TAMS 0x00000000c2e00000, 0x00000000c2e00000| Untracked 
|  27|0x00000000c2f00000, 0x00000000c2f00000, 0x00000000c3000000|  0%| F|  |TAMS 0x00000000c2f00000, 0x00000000c2f00000| Untracked 
|  28|0x00000000c3000000, 0x00000000c3000000, 0x00000000c3100000|  0%| F|  |TAMS 0x00000000c3000000, 0x00000000c3000000| Untracked 
|  29|0x00000000c3100000, 0x00000000c3100000, 0x00000000c3200000|  0%| F|  |TAMS 0x00000000c3100000, 0x00000000c3100000| Untracked 
|  30|0x00000000c3200000, 0x00000000c3200000, 0x00000000c3300000|  0%| F|  |TAMS 0x00000000c3200000, 0x00000000c3200000| Untracked 
|  31|0x00000000c3300000, 0x00000000c3300000, 0x00000000c3400000|  0%| F|  |TAMS 0x00000000c3300000, 0x00000000c3300000| Untracked 
|  32|0x00000000c3400000, 0x00000000c3400000, 0x00000000c3500000|  0%| F|  |TAMS 0x00000000c3400000, 0x00000000c3400000| Untracked 
|  33|0x00000000c3500000, 0x00000000c3500000, 0x00000000c3600000|  0%| F|  |TAMS 0x00000000c3500000, 0x00000000c3500000| Untracked 
|  34|0x00000000c3600000, 0x00000000c3600000, 0x00000000c3700000|  0%| F|  |TAMS 0x00000000c3600000, 0x00000000c3600000| Untracked 
|  35|0x00000000c3700000, 0x00000000c3700000, 0x00000000c3800000|  0%| F|  |TAMS 0x00000000c3700000, 0x00000000c3700000| Untracked 
|  36|0x00000000c3800000, 0x00000000c3800000, 0x00000000c3900000|  0%| F|  |TAMS 0x00000000c3800000, 0x00000000c3800000| Untracked 
|  37|0x00000000c3900000, 0x00000000c3900000, 0x00000000c3a00000|  0%| F|  |TAMS 0x00000000c3900000, 0x00000000c3900000| Untracked 
|  38|0x00000000c3a00000, 0x00000000c3a00000, 0x00000000c3b00000|  0%| F|  |TAMS 0x00000000c3a00000, 0x00000000c3a00000| Untracked 
|  39|0x00000000c3b00000, 0x00000000c3b00000, 0x00000000c3c00000|  0%| F|  |TAMS 0x00000000c3b00000, 0x00000000c3b00000| Untracked 
|  40|0x00000000c3c00000, 0x00000000c3c00000, 0x00000000c3d00000|  0%| F|  |TAMS 0x00000000c3c00000, 0x00000000c3c00000| Untracked 
|  41|0x00000000c3d00000, 0x00000000c3d00000, 0x00000000c3e00000|  0%| F|  |TAMS 0x00000000c3d00000, 0x00000000c3d00000| Untracked 
|  42|0x00000000c3e00000, 0x00000000c3e00000, 0x00000000c3f00000|  0%| F|  |TAMS 0x00000000c3e00000, 0x00000000c3e00000| Untracked 
|  43|0x00000000c3f00000, 0x00000000c3f00000, 0x00000000c4000000|  0%| F|  |TAMS 0x00000000c3f00000, 0x00000000c3f00000| Untracked 
|  44|0x00000000c4000000, 0x00000000c4000000, 0x00000000c4100000|  0%| F|  |TAMS 0x00000000c4000000, 0x00000000c4000000| Untracked 
|  45|0x00000000c4100000, 0x00000000c4100000, 0x00000000c4200000|  0%| F|  |TAMS 0x00000000c4100000, 0x00000000c4100000| Untracked 
|  46|0x00000000c4200000, 0x00000000c4200000, 0x00000000c4300000|  0%| F|  |TAMS 0x00000000c4200000, 0x00000000c4200000| Untracked 
|  47|0x00000000c4300000, 0x00000000c4300000, 0x00000000c4400000|  0%| F|  |TAMS 0x00000000c4300000, 0x00000000c4300000| Untracked 
|  48|0x00000000c4400000, 0x00000000c4400000, 0x00000000c4500000|  0%| F|  |TAMS 0x00000000c4400000, 0x00000000c4400000| Untracked 
|  49|0x00000000c4500000, 0x00000000c4500000, 0x00000000c4600000|  0%| F|  |TAMS 0x00000000c4500000, 0x00000000c4500000| Untracked 
|  50|0x00000000c4600000, 0x00000000c4600000, 0x00000000c4700000|  0%| F|  |TAMS 0x00000000c4600000, 0x00000000c4600000| Untracked 
|  51|0x00000000c4700000, 0x00000000c4700000, 0x00000000c4800000|  0%| F|  |TAMS 0x00000000c4700000, 0x00000000c4700000| Untracked 
|  52|0x00000000c4800000, 0x00000000c4800000, 0x00000000c4900000|  0%| F|  |TAMS 0x00000000c4800000, 0x00000000c4800000| Untracked 
|  53|0x00000000c4900000, 0x00000000c4900000, 0x00000000c4a00000|  0%| F|  |TAMS 0x00000000c4900000, 0x00000000c4900000| Untracked 
|  54|0x00000000c4a00000, 0x00000000c4a00000, 0x00000000c4b00000|  0%| F|  |TAMS 0x00000000c4a00000, 0x00000000c4a00000| Untracked 
|  55|0x00000000c4b00000, 0x00000000c4b00000, 0x00000000c4c00000|  0%| F|  |TAMS 0x00000000c4b00000, 0x00000000c4b00000| Untracked 
|  56|0x00000000c4c00000, 0x00000000c4c48320, 0x00000000c4d00000| 28%| E|  |TAMS 0x00000000c4c00000, 0x00000000c4c00000| Complete 
|  57|0x00000000c4d00000, 0x00000000c4e00000, 0x00000000c4e00000|100%| E|CS|TAMS 0x00000000c4d00000, 0x00000000c4d00000| Complete 
|  58|0x00000000c4e00000, 0x00000000c4f00000, 0x00000000c4f00000|100%| E|CS|TAMS 0x00000000c4e00000, 0x00000000c4e00000| Complete 
|  59|0x00000000c4f00000, 0x00000000c5000000, 0x00000000c5000000|100%| E|CS|TAMS 0x00000000c4f00000, 0x00000000c4f00000| Complete 
|  60|0x00000000c5000000, 0x00000000c5100000, 0x00000000c5100000|100%| E|CS|TAMS 0x00000000c5000000, 0x00000000c5000000| Complete 
|  61|0x00000000c5100000, 0x00000000c5200000, 0x00000000c5200000|100%| E|CS|TAMS 0x00000000c5100000, 0x00000000c5100000| Complete 
|  62|0x00000000c5200000, 0x00000000c5300000, 0x00000000c5300000|100%| E|CS|TAMS 0x00000000c5200000, 0x00000000c5200000| Complete 
|  63|0x00000000c5300000, 0x00000000c5400000, 0x00000000c5400000|100%| E|CS|TAMS 0x00000000c5300000, 0x00000000c5300000| Complete 

Card table byte_map: [0x0000026ebb8a0000,0x0000026ebbaa0000] _byte_map_base: 0x0000026ebb296000

Marking Bits (Prev, Next): (CMBitMap*) 0x0000026ea3c03158, (CMBitMap*) 0x0000026ea3c03190
 Prev Bits: [0x0000026ebbca0000, 0x0000026ebcc50000)
 Next Bits: [0x0000026ebcc50000, 0x0000026ebdc00000)

Polling page: 0x0000026ea2180000

Metaspace:

Usage:
  Non-class:     10.04 MB capacity,     9.91 MB ( 99%) used,   107.66 KB (  1%) free+waste,    31.00 KB ( <1%) overhead. 
      Class:      1.29 MB capacity,     1.15 MB ( 89%) used,   130.62 KB ( 10%) free+waste,    17.81 KB (  1%) overhead. 
       Both:     11.34 MB capacity,    11.06 MB ( 98%) used,   238.28 KB (  2%) free+waste,    48.81 KB ( <1%) overhead. 

Virtual space:
  Non-class space:       12.00 MB reserved,      10.25 MB ( 85%) committed 
      Class space:        1.00 GB reserved,       1.38 MB ( <1%) committed 
             Both:        1.01 GB reserved,      11.63 MB (  1%) committed 

Chunk freelists:
   Non-Class:  2.38 KB
       Class:  2.50 KB
        Both:  4.88 KB

CodeHeap 'non-profiled nmethods': size=120064Kb used=159Kb max_used=159Kb free=119904Kb
 bounds [0x0000026eb3b30000, 0x0000026eb3da0000, 0x0000026ebb070000]
CodeHeap 'profiled nmethods': size=120000Kb used=1017Kb max_used=1017Kb free=118982Kb
 bounds [0x0000026eac600000, 0x0000026eac870000, 0x0000026eb3b30000]
CodeHeap 'non-nmethods': size=5696Kb used=1122Kb max_used=1128Kb free=4573Kb
 bounds [0x0000026eac070000, 0x0000026eac2e0000, 0x0000026eac600000]
 total_blobs=1079 nmethods=627 adapters=364
 compilation: enabled
              stopped_count=0, restarted_count=0
 full_count=0

Compilation events (10 events):
Event: 1.065 Thread 0x0000026ec0a3d800  601       3       java.lang.Class::cast (27 bytes)
Event: 1.066 Thread 0x0000026ec0a3d800 nmethod 601 0x0000026eac6ee890 code [0x0000026eac6eea60, 0x0000026eac6eed18]
Event: 1.066 Thread 0x0000026ec0a3d800  603       3       java.lang.reflect.Array::newInstance (6 bytes)
Event: 1.066 Thread 0x0000026ec0a3d800 nmethod 603 0x0000026eac6eee10 code [0x0000026eac6eefc0, 0x0000026eac6ef0c8]
Event: 1.066 Thread 0x0000026ec0a3d800  602       3       java.util.Arrays$ArrayItr::hasNext (18 bytes)
Event: 1.066 Thread 0x0000026ec0a3d800 nmethod 602 0x0000026eac6ef190 code [0x0000026eac6ef340, 0x0000026eac6ef4b8]
Event: 1.066 Thread 0x0000026ec0a3d800  599       3       java.util.Arrays$ArrayItr::next (36 bytes)
Event: 1.066 Thread 0x0000026ec0a3d800 nmethod 599 0x0000026eac6ef590 code [0x0000026eac6ef740, 0x0000026eac6ef928]
Event: 1.066 Thread 0x0000026ec0a3d800  604       3       java.util.ImmutableCollections$List12::get (32 bytes)
Event: 1.067 Thread 0x0000026ec0a3d800 nmethod 604 0x0000026eac6efa10 code [0x0000026eac6efbc0, 0x0000026eac6efe48]

GC Heap History (0 events):
No events

Deoptimization events (1 events):
Event: 0.325 Thread 0x0000026ea3bd5800 Uncommon trap: reason=unstable_if action=reinterpret pc=0x0000026eb3b33d00 method=java.lang.String.hashCode()I @ 14 c2

Classes redefined (0 events):
No events

Internal exceptions (10 events):
Event: 0.754 Thread 0x0000026ea3bd5800 Exception <a 'java/io/FileNotFoundException'{0x00000000c5097b90}> (0x00000000c5097b90) thrown at [./open/src/hotspot/share/prims/jni.cpp, line 611]
Event: 0.889 Thread 0x0000026ec110b000 Exception <a 'java/lang/NoSuchMethodError'{0x00000000c4f4d498}: java.lang.invoke.DirectMethodHandle$Holder.invokeSpecial(Ljava/lang/Object;Ljava/lang/Object;)V> (0x00000000c4f4d498) thrown at [./open/src/hotspot/share/interpreter/linkResolver.cpp, line 77
Event: 0.896 Thread 0x0000026ea3bd5800 Exception <a 'java/lang/NoSuchMethodError'{0x00000000c4fa0320}: java.lang.invoke.DirectMethodHandle$Holder.invokeStatic(Ljava/lang/Object;Ljava/lang/Object;Ljava/lang/Object;Ljava/lang/Object;Ljava/lang/Object;Ljava/lang/Object;Ljava/lang/Object;Ljava/lan
Event: 0.899 Thread 0x0000026ea3bd5800 Exception <a 'java/lang/NoSuchMethodError'{0x00000000c4fba278}: java.lang.invoke.DirectMethodHandle$Holder.invokeStatic(Ljava/lang/Object;Ljava/lang/Object;Ljava/lang/Object;Ljava/lang/Object;Ljava/lang/Object;Ljava/lang/Object;Ljava/lang/Object;Ljava/lan
Event: 1.001 Thread 0x0000026ea3bd5800 Exception <a 'java/lang/NoSuchMethodError'{0x00000000c4ed1470}: java.lang.invoke.DirectMethodHandle$Holder.invokeStatic(Ljava/lang/Object;ILjava/lang/Object;Ljava/lang/Object;Ljava/lang/Object;Ljava/lang/Object;)Ljava/lang/Object;> (0x00000000c4ed1470) th
Event: 1.003 Thread 0x0000026ea3bd5800 Exception <a 'java/lang/NoSuchMethodError'{0x00000000c4ed8830}: java.lang.invoke.DirectMethodHandle$Holder.invokeStatic(Ljava/lang/Object;ILjava/lang/Object;Ljava/lang/Object;Ljava/lang/Object;)Ljava/lang/Object;> (0x00000000c4ed8830) thrown at [./open/sr
Event: 1.004 Thread 0x0000026ea3bd5800 Exception <a 'java/lang/NoSuchMethodError'{0x00000000c4edc370}: java.lang.invoke.DirectMethodHandle$Holder.invokeSpecial(Ljava/lang/Object;Ljava/lang/Object;ILjava/lang/Object;Ljava/lang/Object;Ljava/lang/Object;)Ljava/lang/Object;> (0x00000000c4edc370) t
Event: 1.011 Thread 0x0000026ea3bd5800 Exception <a 'java/lang/NoSuchMethodError'{0x00000000c4ef3c48}: java.lang.invoke.DirectMethodHandle$Holder.invokeStatic(Ljava/lang/Object;ILjava/lang/Object;)Ljava/lang/Object;> (0x00000000c4ef3c48) thrown at [./open/src/hotspot/share/interpreter/linkReso
Event: 1.055 Thread 0x0000026ea3bd5800 Exception <a 'java/lang/ClassNotFoundException'{0x00000000c4d9e8f0}: com/sun/swing/internal/plaf/metal/resources/spi/metalProvider> (0x00000000c4d9e8f0) thrown at [./open/src/hotspot/share/classfile/systemDictionary.cpp, line 228]
Event: 1.057 Thread 0x0000026ea3bd5800 Exception <a 'java/lang/ClassNotFoundException'{0x00000000c4da2db0}: com/sun/swing/internal/plaf/basic/resources/spi/basicProvider> (0x00000000c4da2db0) thrown at [./open/src/hotspot/share/classfile/systemDictionary.cpp, line 228]

Events (10 events):
Event: 1.068 loading class javax/swing/SortingFocusTraversalPolicy
Event: 1.069 loading class javax/swing/InternalFrameFocusTraversalPolicy
Event: 1.069 loading class javax/swing/InternalFrameFocusTraversalPolicy done
Event: 1.069 loading class javax/swing/SortingFocusTraversalPolicy done
Event: 1.069 loading class javax/swing/LayoutFocusTraversalPolicy done
Event: 1.069 loading class javax/swing/SwingContainerOrderFocusTraversalPolicy
Event: 1.069 loading class javax/swing/SwingContainerOrderFocusTraversalPolicy done
Event: 1.069 loading class javax/swing/SwingDefaultFocusTraversalPolicy
Event: 1.069 loading class javax/swing/SwingDefaultFocusTraversalPolicy done
Event: 1.069 loading class javax/swing/LayoutComparator


Dynamic libraries:
0x00007ff7aa1b0000 - 0x00007ff7aa1bf000 	C:\Program Files\AdoptOpenJDK\jdk-14.0.2.12-openj9\bin\javaw.exe
0x00007ff858730000 - 0x00007ff858925000 	C:\WINDOWS\SYSTEM32\ntdll.dll
0x00007ff857010000 - 0x00007ff8570cd000 	C:\WINDOWS\System32\KERNEL32.DLL
0x00007ff8561b0000 - 0x00007ff856479000 	C:\WINDOWS\System32\KERNELBASE.dll
0x00007ff856690000 - 0x00007ff856790000 	C:\WINDOWS\System32\ucrtbase.dll
0x00007ff84d090000 - 0x00007ff84d0a8000 	C:\Program Files\AdoptOpenJDK\jdk-14.0.2.12-openj9\bin\jli.dll
0x00007ff856c10000 - 0x00007ff856cbc000 	C:\WINDOWS\System32\ADVAPI32.dll
0x00007ff857ca0000 - 0x00007ff857d3e000 	C:\WINDOWS\System32\msvcrt.dll
0x00007ff858290000 - 0x00007ff85832b000 	C:\WINDOWS\System32\sechost.dll
0x00007ff856eb0000 - 0x00007ff856fda000 	C:\WINDOWS\System32\RPCRT4.dll
0x00007ff858520000 - 0x00007ff8586c0000 	C:\WINDOWS\System32\USER32.dll
0x00007ff855e60000 - 0x00007ff855e82000 	C:\WINDOWS\System32\win32u.dll
0x00007ff856fe0000 - 0x00007ff85700a000 	C:\WINDOWS\System32\GDI32.dll
0x00007ff856530000 - 0x00007ff85663b000 	C:\WINDOWS\System32\gdi32full.dll
0x00007ff855f50000 - 0x00007ff855fed000 	C:\WINDOWS\System32\msvcp_win.dll
0x00007ff84d530000 - 0x00007ff84d545000 	C:\Program Files\AdoptOpenJDK\jdk-14.0.2.12-openj9\bin\VCRUNTIME140.dll
0x00007ff82d070000 - 0x00007ff82d30a000 	C:\WINDOWS\WinSxS\amd64_microsoft.windows.common-controls_6595b64144ccf1df_6.0.19041.1110_none_60b5254171f9507e\COMCTL32.dll
0x00007ff84d160000 - 0x00007ff84d16a000 	C:\WINDOWS\SYSTEM32\VERSION.dll
0x00007ff8586c0000 - 0x00007ff8586f0000 	C:\WINDOWS\System32\IMM32.DLL
0x00007ff845990000 - 0x00007ff845a2b000 	C:\Program Files\AdoptOpenJDK\jdk-14.0.2.12-openj9\bin\msvcp140.dll
0x00007ff80d1c0000 - 0x00007ff80dcbb000 	C:\Program Files\AdoptOpenJDK\jdk-14.0.2.12-openj9\bin\server\jvm.dll
0x00007ff858340000 - 0x00007ff858348000 	C:\WINDOWS\System32\PSAPI.DLL
0x00007ff83f300000 - 0x00007ff83f309000 	C:\WINDOWS\SYSTEM32\WSOCK32.dll
0x00007ff857c30000 - 0x00007ff857c9b000 	C:\WINDOWS\System32\WS2_32.dll
0x00007ff83f930000 - 0x00007ff83f957000 	C:\WINDOWS\SYSTEM32\WINMM.dll
0x00007ff8546f0000 - 0x00007ff854702000 	C:\WINDOWS\SYSTEM32\kernel.appcore.dll
0x00007ff84f830000 - 0x00007ff84f840000 	C:\Program Files\AdoptOpenJDK\jdk-14.0.2.12-openj9\bin\verify.dll
0x00007ff853c70000 - 0x00007ff853e54000 	C:\WINDOWS\SYSTEM32\DBGHELP.DLL
0x00007ff8470c0000 - 0x00007ff8470ec000 	C:\WINDOWS\SYSTEM32\dbgcore.DLL
0x00007ff855e90000 - 0x00007ff855f13000 	C:\WINDOWS\System32\bcryptPrimitives.dll
0x00007ff84a740000 - 0x00007ff84a768000 	C:\Program Files\AdoptOpenJDK\jdk-14.0.2.12-openj9\bin\java.dll
0x00007ff84f680000 - 0x00007ff84f68a000 	C:\Program Files\AdoptOpenJDK\jdk-14.0.2.12-openj9\bin\jimage.dll
0x00007ff84d040000 - 0x00007ff84d056000 	C:\Program Files\AdoptOpenJDK\jdk-14.0.2.12-openj9\bin\zip.dll
0x00007ff857410000 - 0x00007ff857b4f000 	C:\WINDOWS\System32\SHELL32.dll
0x00007ff853e60000 - 0x00007ff8545f0000 	C:\WINDOWS\SYSTEM32\windows.storage.dll
0x00007ff857da0000 - 0x00007ff8580f5000 	C:\WINDOWS\System32\combase.dll
0x00007ff8557f0000 - 0x00007ff85581c000 	C:\WINDOWS\SYSTEM32\Wldp.dll
0x00007ff858350000 - 0x00007ff8583fe000 	C:\WINDOWS\System32\SHCORE.dll
0x00007ff858210000 - 0x00007ff858265000 	C:\WINDOWS\System32\shlwapi.dll
0x00007ff855da0000 - 0x00007ff855dbf000 	C:\WINDOWS\SYSTEM32\profapi.dll
0x00007ff84bee0000 - 0x00007ff84bef9000 	C:\Program Files\AdoptOpenJDK\jdk-14.0.2.12-openj9\bin\net.dll
0x00007ff842970000 - 0x00007ff842a78000 	C:\WINDOWS\SYSTEM32\WINHTTP.dll
0x00007ff855550000 - 0x00007ff8555ba000 	C:\WINDOWS\system32\mswsock.dll
0x00007ff84a9f0000 - 0x00007ff84aa02000 	C:\Program Files\AdoptOpenJDK\jdk-14.0.2.12-openj9\bin\nio.dll
0x00007ff82bb50000 - 0x00007ff82bcea000 	C:\Program Files\AdoptOpenJDK\jdk-14.0.2.12-openj9\bin\awt.dll
0x00007ff857b60000 - 0x00007ff857c2d000 	C:\WINDOWS\System32\OLEAUT32.dll
0x00007ff853320000 - 0x00007ff8533b0000 	C:\WINDOWS\SYSTEM32\apphelp.dll
0x00007ff8536e0000 - 0x00007ff85370f000 	C:\WINDOWS\system32\DWMAPI.DLL
0x00007ff8534f0000 - 0x00007ff85358e000 	C:\WINDOWS\system32\uxtheme.dll
0x00007ff8201a0000 - 0x00007ff8202c5000 	C:\WINDOWS\system32\opengl32.dll
0x00007ff8208b0000 - 0x00007ff8208dc000 	C:\WINDOWS\SYSTEM32\GLU32.dll
0x00007ff858400000 - 0x00007ff858515000 	C:\WINDOWS\System32\MSCTF.dll
0x00007ff8572e0000 - 0x00007ff85740a000 	C:\WINDOWS\System32\ole32.dll

dbghelp: loaded successfully - version: 4.0.5 - missing functions: none
symbol engine: initialized successfully - sym options: 0x614 - pdb path: .;C:\Program Files\AdoptOpenJDK\jdk-14.0.2.12-openj9\bin;C:\WINDOWS\SYSTEM32;C:\WINDOWS\WinSxS\amd64_microsoft.windows.common-controls_6595b64144ccf1df_6.0.19041.1110_none_60b5254171f9507e;C:\Program Files\AdoptOpenJDK\jdk-14.0.2.12-openj9\bin\server

VM Arguments:
jvm_args: -Dfile.encoding=Cp1252 
java_command: com.sekara.designpatterns.Main
java_class_path (initial): C:\Users\h\RISavg\I7-08-2020-Sandra-Djuricin\SandraDjuricin\DizajnerskiObrasci\bin;C:\Users\h\RISavg\I7-08-2020-Sandra-Djuricin\SandraDjuricin\DizajnerskiObrasci\resources\heksagon.jar;C:\Users\h\.p2\pool\plugins\org.junit.jupiter.api_5.7.1.v20210222-1948.jar;C:\Users\h\.p2\pool\plugins\org.junit.jupiter.engine_5.7.1.v20210222-1948.jar;C:\Users\h\.p2\pool\plugins\org.junit.jupiter.migrationsupport_5.7.1.v20210222-1948.jar;C:\Users\h\.p2\pool\plugins\org.junit.jupiter.params_5.7.1.v20210222-1948.jar;C:\Users\h\.p2\pool\plugins\org.junit.platform.commons_1.7.1.v20210222-1948.jar;C:\Users\h\.p2\pool\plugins\org.junit.platform.engine_1.7.1.v20210222-1948.jar;C:\Users\h\.p2\pool\plugins\org.junit.platform.launcher_1.7.1.v20210222-1948.jar;C:\Users\h\.p2\pool\plugins\org.junit.platform.runner_1.7.1.v20210222-1948.jar;C:\Users\h\.p2\pool\plugins\org.junit.platform.suite.api_1.7.1.v20210222-1948.jar;C:\Users\h\.p2\pool\plugins\org.junit.vintage.engine_5.7.1.v20210222-1948.jar;C:\Users\h\.p2\pool\plugins\org.opentest4j_1.2.0.v20190826-0900.jar;C:\Users\h\.p2\pool\plugins\org.apiguardian_1.1.0.v20190826-0900.jar;C:\Users\h\.p2\pool\plugins\org.junit_4.13.0.v20200204-1500.jar;C:\Users\h\.p2\pool\plugins\org.hamcrest.core_1.3.0.v20180420-1519.jar
Launcher Type: SUN_STANDARD

[Global flags]
     intx CICompilerCount                          = 3                                         {product} {ergonomic}
     uint ConcGCThreads                            = 1                                         {product} {ergonomic}
     uint G1ConcRefinementThreads                  = 4                                         {product} {ergonomic}
   size_t G1HeapRegionSize                         = 1048576                                   {product} {ergonomic}
    uintx GCDrainStackTargetSize                   = 64                                        {product} {ergonomic}
   size_t InitialHeapSize                          = 67108864                                  {product} {ergonomic}
   size_t MarkStackSize                            = 4194304                                   {product} {ergonomic}
   size_t MaxHeapSize                              = 1052770304                                {product} {ergonomic}
   size_t MaxNewSize                               = 631242752                                 {product} {ergonomic}
   size_t MinHeapDeltaBytes                        = 1048576                                   {product} {ergonomic}
    uintx NonNMethodCodeHeapSize                   = 5830732                                {pd product} {ergonomic}
    uintx NonProfiledCodeHeapSize                  = 122913754                              {pd product} {ergonomic}
    uintx ProfiledCodeHeapSize                     = 122913754                              {pd product} {ergonomic}
    uintx ReservedCodeCacheSize                    = 251658240                              {pd product} {ergonomic}
     bool SegmentedCodeCache                       = true                                      {product} {ergonomic}
     bool UseCompressedClassPointers               = true                                 {lp64_product} {ergonomic}
     bool UseCompressedOops                        = true                                 {lp64_product} {ergonomic}
     bool UseG1GC                                  = true                                      {product} {ergonomic}
     bool UseLargePagesIndividualAllocation        = false                                  {pd product} {ergonomic}

Logging:
Log output configuration:
 #0: stdout all=warning uptime,level,tags
 #1: stderr all=off uptime,level,tags

Environment Variables:
JAVA_HOME=C:\Program Files\Java\jdk-11.0.10
PATH=C:\Program Files\Common Files\Oracle\Java\javapath;C:\Program Files\AdoptOpenJDK\jdk-8.0.222.10-hotspot\bin;C:\Program Files (x86)\Common Files\Oracle\Java\javapath;C:\WINDOWS\system32;C:\WINDOWS;C:\WINDOWS\System32\Wbem;C:\WINDOWS\System32\WindowsPowerShell\v1.0\;C:\WINDOWS\System32\OpenSSH\;C:\Program Files\Microsoft SQL Server\Client SDK\ODBC\130\Tools\Binn\;C:\Program Files (x86)\Microsoft SQL Server\140\Tools\Binn\;C:\Program Files\Microsoft SQL Server\140\Tools\Binn\;C:\Program Files\Microsoft SQL Server\140\DTS\Binn\;C:\Program Files\Microsoft SQL Server\130\Tools\Binn\;C:\Program Files\Microsoft SQL Server\Client SDK\ODBC\170\Tools\Binn\;C:\Program Files (x86)\Microsoft SQL Server\150\DTS\Binn\;C:\Program Files\MATLAB\R2020a\bin;C:\Program Files\nodejs\;C:\Program Files\apache-maven-3.6.3\bin;C:\Users\pecam\anaconda3;C:\Users\pecam\anaconda3\bin;C:\Users\pecam\anaconda3\Scripts;C:\sonar-scanner-cli-4.6.1.2450-windows\sonar-scanner-4.6.1.2450-windows\bin;C:\Program Files\Git\cmd;C:\Program Files\MySQL\MySQL Shell 8.0\bin\;C:\Users\h\AppData\Local\Programs\Microsoft VS Code\bin;C:\Users\h\AppData\Local\atom\bin;C:\Users\h\AppData\Roaming\npm;C:\Users\h\AppData\Local\Programs\Fiddler;C:\Users\h\AppData\Local\Programs\MiKTeX\miktex\bin\x64\;C:\Program Files\apache-maven-3.6.3\bin;C:\Users\h\AppData\Local\Microsoft\WindowsApps;C:\Users\h\anaconda3\Scripts;C:\Users\h\anaconda3\bin;C:\Users\h\anaconda3;
USERNAME=h
OS=Windows_NT
PROCESSOR_IDENTIFIER=Intel64 Family 6 Model 142 Stepping 10, GenuineIntel



---------------  S Y S T E M  ---------------

OS: Windows 10 , 64 bit Build 19041 (10.0.19041.1151)

CPU:total 4 (initial active 4) (2 cores per cpu, 2 threads per core) family 6 model 142 stepping 10 microcode 0xe0, cmov, cx8, fxsr, mmx, sse, sse2, sse3, ssse3, sse4.1, sse4.2, popcnt, avx, avx2, aes, clmul, erms, 3dnowpref, lzcnt, ht, tsc, tscinvbit, bmi1, bmi2, adx, fma

Memory: 4k page, system-wide physical 4011M (268M free)
TotalPageFile size 10155M (AvailPageFile size 2M)
current process WorkingSet (physical memory assigned to process): 53M, peak: 53M
current process commit charge ("private bytes"): 145M, peak: 145M

vm_info: Java HotSpot(TM) 64-Bit Server VM (11.0.10+8-LTS-162) for windows-amd64 JRE (11.0.10+8-LTS-162), built on Dec  8 2020 16:32:57 by "mach5one" with MS VC++ 15.9 (VS2017)

END.
